1651579668703	geckodriver	INFO	Listening on 127.0.0.1:59534
1651579671697	mozrunner::runner	INFO	Running command: "C:\\Program Files\\Mozilla Firefox\\firefox.exe" "--marionette" "--remote-debugging-port" "59535" "-no-remote" "-profile" "C:\\Users\\VINICI~2.GOM\\AppData\\Local\\Temp\\rust_mozprofileVIEK3T"
1651579671991	Marionette	INFO	Marionette enabled
console.warn: SearchSettings: "get: No settings file exists, new profile?" (new NotFoundError("Could not open the file at C:\\Users\\VINICI~2.GOM\\AppData\\Local\\Temp\\rust_mozprofileVIEK3T\\search.json.mozlz4", (void 0)))
DevTools listening on ws://localhost:59535/devtools/browser/0f24b0f6-900a-41e2-a2c0-40a3d41b4b84
1651579673652	Marionette	INFO	Listening on port 59540
1651579673746	RemoteAgent	WARN	TLS certificate errors will be ignored for this session
JavaScript warning: https://tm.jsuol.com.br/uoltm.js?id=tuvy6z&version=787, line 1: unreachable code after return statement
JavaScript warning: https://tm.jsuol.com.br/modules/client-purge.js, line 1: unreachable code after return statement
JavaScript error: https://tm.jsuol.com.br/modules/client-purge.js, line 1: TypeError: window.location.ancestorOrigins is undefined
JavaScript warning: https://tm.jsuol.com.br/modules/client-purge.js, line 1: unreachable code after return statement
JavaScript error: https://tm.jsuol.com.br/modules/client-purge.js, line 1: TypeError: window.location.ancestorOrigins is undefined
JavaScript warning: https://player.mais.uol.com.br/js/uolplayer.min.js, line 1: WEBGL_debug_renderer_info is deprecated in Firefox and will be removed. Please use RENDERER.
JavaScript warning: https://pagead2.googlesyndication.com/bg/e8WcSG94vkM93ke5SjF29cSEjmyq7vfry6EL03wtuS4.js line 1 > eval line 7623 > eval line 1 > eval line 1 > eval, line 1: WEBGL_debug_renderer_info is deprecated in Firefox and will be removed. Please use RENDERER.
JavaScript warning: https://pagead2.googlesyndication.com/bg/e8WcSG94vkM93ke5SjF29cSEjmyq7vfry6EL03wtuS4.js line 1 > eval line 1035 > eval line 1 > eval line 1 > eval, line 1: WEBGL_debug_renderer_info is deprecated in Firefox and will be removed. Please use RENDERER.
JavaScript error: , line 0: uncaught exception: 7
1651579690405	Marionette	INFO	Stopped listening on port 59540
JavaScript error: , line 0: TypeError: NetworkError when attempting to fetch resource.
JavaScript error: , line 0: TypeError: NetworkError when attempting to fetch resource.
JavaScript error: , line 0: TypeError: NetworkError when attempting to fetch resource.
console.warn: TopSitesFeed: Failed to fetch data from Contile server: NetworkError when attempting to fetch resource.
JavaScript error: chrome://remote/content/marionette/cert.js, line 55: NS_ERROR_NOT_AVAILABLE: Component returned failure code: 0x80040111 (NS_ERROR_NOT_AVAILABLE) [nsICertOverrideService.setDisableAllSecurityChecksAndLetAttackersInterceptMyData]
1651580029390	geckodriver	INFO	Listening on 127.0.0.1:59841
1651580032327	mozrunner::runner	INFO	Running command: "C:\\Program Files\\Mozilla Firefox\\firefox.exe" "--marionette" "--remote-debugging-port" "59842" "-no-remote" "-profile" "C:\\Users\\VINICI~2.GOM\\AppData\\Local\\Temp\\rust_mozprofile4IKCU4"
1651580032591	Marionette	INFO	Marionette enabled
console.warn: SearchSettings: "get: No settings file exists, new profile?" (new NotFoundError("Could not open the file at C:\\Users\\VINICI~2.GOM\\AppData\\Local\\Temp\\rust_mozprofile4IKCU4\\search.json.mozlz4", (void 0)))
DevTools listening on ws://localhost:59842/devtools/browser/7797f8e4-6a1a-4f83-9d9b-789bdf258739
1651580034168	Marionette	INFO	Listening on port 59848
1651580034364	RemoteAgent	WARN	TLS certificate errors will be ignored for this session
JavaScript error: resource://gre/modules/AsyncShutdown.jsm, line 575: NotFoundError: No such JSWindowActor 'DevToolsFrame'
1651580091024	Marionette	INFO	Stopped listening on port 59848
console.warn: TopSitesFeed: Failed to fetch data from Contile server: NetworkError when attempting to fetch resource.
JavaScript error: chrome://remote/content/marionette/cert.js, line 55: NS_ERROR_NOT_AVAILABLE: Component returned failure code: 0x80040111 (NS_ERROR_NOT_AVAILABLE) [nsICertOverrideService.setDisableAllSecurityChecksAndLetAttackersInterceptMyData]

###!!! [Parent][PGPUParent] Error: RunMessage(msgname=PGPU::Msg_ShutdownVR) Channel closing: too late to send/recv, messages will be lost

1651580097368	geckodriver	INFO	Listening on 127.0.0.1:59962
1651580100352	mozrunner::runner	INFO	Running command: "C:\\Program Files\\Mozilla Firefox\\firefox.exe" "--marionette" "--remote-debugging-port" "59963" "-no-remote" "-profile" "C:\\Users\\VINICI~2.GOM\\AppData\\Local\\Temp\\rust_mozprofileiEsjj5"
1651580100623	Marionette	INFO	Marionette enabled
console.warn: SearchSettings: "get: No settings file exists, new profile?" (new NotFoundError("Could not open the file at C:\\Users\\VINICI~2.GOM\\AppData\\Local\\Temp\\rust_mozprofileiEsjj5\\search.json.mozlz4", (void 0)))
DevTools listening on ws://localhost:59963/devtools/browser/16783db1-4e0a-4b22-bf5f-0cf9346e74e2
1651580102225	Marionette	INFO	Listening on port 59969
1651580102380	RemoteAgent	WARN	TLS certificate errors will be ignored for this session
JavaScript error: resource://gre/modules/AsyncShutdown.jsm, line 575: NotFoundError: No such JSWindowActor 'DevToolsFrame'
1651580167906	Marionette	INFO	Stopped listening on port 59969
console.warn: TopSitesFeed: Failed to fetch data from Contile server: NetworkError when attempting to fetch resource.
JavaScript error: chrome://remote/content/marionette/cert.js, line 55: NS_ERROR_NOT_AVAILABLE: Component returned failure code: 0x80040111 (NS_ERROR_NOT_AVAILABLE) [nsICertOverrideService.setDisableAllSecurityChecksAndLetAttackersInterceptMyData]
1651580623904	geckodriver	INFO	Listening on 127.0.0.1:60550
1651580626861	mozrunner::runner	INFO	Running command: "C:\\Program Files\\Mozilla Firefox\\firefox.exe" "--marionette" "--remote-debugging-port" "60551" "-no-remote" "-profile" "C:\\Users\\VINICI~2.GOM\\AppData\\Local\\Temp\\rust_mozprofile2dqfLA"
1651580627130	Marionette	INFO	Marionette enabled
console.warn: SearchSettings: "get: No settings file exists, new profile?" (new NotFoundError("Could not open the file at C:\\Users\\VINICI~2.GOM\\AppData\\Local\\Temp\\rust_mozprofile2dqfLA\\search.json.mozlz4", (void 0)))
DevTools listening on ws://localhost:60551/devtools/browser/a10fccae-acc3-47e1-beee-883b67d88bb8
1651580628821	Marionette	INFO	Listening on port 60558
1651580628889	RemoteAgent	WARN	TLS certificate errors will be ignored for this session
JavaScript error: resource://gre/modules/AsyncShutdown.jsm, line 575: NotFoundError: No such JSWindowActor 'DevToolsFrame'
1651580752692	Marionette	INFO	Stopped listening on port 60558
console.warn: TopSitesFeed: Failed to fetch data from Contile server: NetworkError when attempting to fetch resource.
JavaScript error: chrome://remote/content/marionette/cert.js, line 55: NS_ERROR_NOT_AVAILABLE: Component returned failure code: 0x80040111 (NS_ERROR_NOT_AVAILABLE) [nsICertOverrideService.setDisableAllSecurityChecksAndLetAttackersInterceptMyData]
1651580811685	geckodriver	INFO	Listening on 127.0.0.1:60916
1651580814654	mozrunner::runner	INFO	Running command: "C:\\Program Files\\Mozilla Firefox\\firefox.exe" "--marionette" "--remote-debugging-port" "60917" "-no-remote" "-profile" "C:\\Users\\VINICI~2.GOM\\AppData\\Local\\Temp\\rust_mozprofilejt8STu"
1651580814918	Marionette	INFO	Marionette enabled
console.warn: SearchSettings: "get: No settings file exists, new profile?" (new NotFoundError("Could not open the file at C:\\Users\\VINICI~2.GOM\\AppData\\Local\\Temp\\rust_mozprofilejt8STu\\search.json.mozlz4", (void 0)))
DevTools listening on ws://localhost:60917/devtools/browser/c142f85f-7d80-45a1-aebf-5098a0d6e883
1651580816411	Marionette	INFO	Listening on port 60925
1651580816698	RemoteAgent	WARN	TLS certificate errors will be ignored for this session
1651581088989	geckodriver	INFO	Listening on 127.0.0.1:61139
1651581091949	mozrunner::runner	INFO	Running command: "C:\\Program Files\\Mozilla Firefox\\firefox.exe" "--marionette" "--remote-debugging-port" "61140" "-no-remote" "-profile" "C:\\Users\\VINICI~2.GOM\\AppData\\Local\\Temp\\rust_mozprofilehmhBwU"
1651581092226	Marionette	INFO	Marionette enabled
console.warn: SearchSettings: "get: No settings file exists, new profile?" (new NotFoundError("Could not open the file at C:\\Users\\VINICI~2.GOM\\AppData\\Local\\Temp\\rust_mozprofilehmhBwU\\search.json.mozlz4", (void 0)))
DevTools listening on ws://localhost:61140/devtools/browser/93e0b372-ea91-4622-a24b-05d2054021d0
1651581093818	Marionette	INFO	Listening on port 61147
1651581093999	RemoteAgent	WARN	TLS certificate errors will be ignored for this session
JavaScript error: , line 0: NS_ERROR_NOT_AVAILABLE
JavaScript error: resource://gre/modules/AsyncShutdown.jsm, line 575: NotFoundError: No such JSWindowActor 'DevToolsFrame'
1651582520240	Marionette	INFO	Stopped listening on port 61147
console.warn: TopSitesFeed: Failed to fetch data from Contile server: NetworkError when attempting to fetch resource.
JavaScript error: chrome://remote/content/marionette/cert.js, line 55: NS_ERROR_NOT_AVAILABLE: Component returned failure code: 0x80040111 (NS_ERROR_NOT_AVAILABLE) [nsICertOverrideService.setDisableAllSecurityChecksAndLetAttackersInterceptMyData]
ch.json.mozlz4", (void 0)))
DevTools listening on ws://localhost:61984/devtools/browser/1ed0b034-ee90-4d55-87e5-00b919ad7259
1651582401406	Marionette	INFO	Listening on port 61991
1651582401485	RemoteAgent	WARN	TLS certificate errors will be ignored for this session
JavaScript error: resource://gre/modules/AsyncShutdown.jsm, line 575: NotFoundError: No such JSWindowActor 'DevToolsFrame'
1651582482733	Marionette	INFO	Stopped listening on port 61991
console.warn: TopSitesFeed: Failed to fetch data from Contile server: NetworkError when attempting to fetch resource.
JavaScript error: chrome://remote/content/marionette/cert.js, line 55: NS_ERROR_NOT_AVAILABLE: Component returned failure code: 0x80040111 (NS_ERROR_NOT_AVAILABLE) [nsICertOverrideService.setDisableAllSecurityChecksAndLetAttackersInterceptMyData]
1651582530806	geckodriver	INFO	Listening on 127.0.0.1:62132
1651582533775	mozrunner::runner	INFO	Running command: "C:\\Program Files\\Mozilla Firefox\\firefox.exe" "--marionette" "--remote-debugging-port" "62133" "-no-remote" "-profile" "C:\\Users\\VINICI~2.GOM\\AppData\\Local\\Temp\\rust_mozprofileq7qUmn"
1651582534046	Marionette	INFO	Marionette enabled
console.warn: SearchSettings: "get: No settings file exists, new profile?" (new NotFoundError("Could not open the file at C:\\Users\\VINICI~2.GOM\\AppData\\Local\\Temp\\rust_mozprofileq7qUmn\\search.json.mozlz4", (void 0)))
DevTools listening on ws://localhost:62133/devtools/browser/68cf38cc-dcb0-461d-8385-fc088e84c86d
1651582535648	Marionette	INFO	Listening on port 62140
1651582535830	RemoteAgent	WARN	TLS certificate errors will be ignored for this session
JavaScript error: , line 0: NS_ERROR_NOT_AVAILABLE
JavaScript error: resource://gre/modules/AsyncShutdown.jsm, line 575: NotFoundError: No such JSWindowActor 'DevToolsFrame'
1651584201795	Marionette	INFO	Stopped listening on port 62140
console.warn: TopSitesFeed: Failed to fetch data from Contile server: NetworkError when attempting to fetch resource.
JavaScript error: chrome://remote/content/marionette/cert.js, line 55: NS_ERROR_NOT_AVAILABLE: Component returned failure code: 0x80040111 (NS_ERROR_NOT_AVAILABLE) [nsICertOverrideService.setDisableAllSecurityChecksAndLetAttackersInterceptMyData]
s://localhost:62367/devtools/browser/d55febcf-2b58-4e62-b157-b5ee4da9f058
1651582837673	Marionette	INFO	Listening on port 62375
1651582837796	RemoteAgent	WARN	TLS certificate errors will be ignored for this session
JavaScript error: , line 0: NS_ERROR_NOT_AVAILABLE
JavaScript error: resource://gre/modules/AsyncShutdown.jsm, line 575: NotFoundError: No such JSWindowActor 'DevToolsFrame'
1651584202986	Marionette	INFO	Stopped listening on port 62375
console.warn: TopSitesFeed: Failed to fetch data from Contile server: NetworkError when attempting to fetch resource.
JavaScript error: chrome://remote/content/marionette/cert.js, line 55: NS_ERROR_NOT_AVAILABLE: Component returned failure code: 0x80040111 (NS_ERROR_NOT_AVAILABLE) [nsICertOverrideService.setDisableAllSecurityChecksAndLetAttackersInterceptMyData]

###!!! [Parent][PGPUParent] Error: RunMessage(msgname=PGPU::Msg_ShutdownVR) Channel closing: too late to send/recv, messages will be lost

	RemoteAgent	WARN	TLS certificate errors will be ignored for this session
JavaScript error: , line 0: NS_ERROR_NOT_AVAILABLE
JavaScript error: resource://gre/modules/AsyncShutdown.jsm, line 575: NotFoundError: No such JSWindowActor 'DevToolsFrame'
1651584204065	Marionette	INFO	Stopped listening on port 62720
console.warn: TopSitesFeed: Failed to fetch data from Contile server: NetworkError when attempting to fetch resource.
JavaScript error: chrome://remote/content/marionette/cert.js, line 55: NS_ERROR_NOT_AVAILABLE: Component returned failure code: 0x80040111 (NS_ERROR_NOT_AVAILABLE) [nsICertOverrideService.setDisableAllSecurityChecksAndLetAttackersInterceptMyData]
s://localhost:63141/devtools/browser/bb7da6bd-fc17-43b4-86cf-0ed36fe50b85
1651583738603	Marionette	INFO	Listening on port 63148
1651583738692	RemoteAgent	WARN	TLS certificate errors will be ignored for this session
1651584197956	Marionette	INFO	Stopped listening on port 63148
console.warn: TopSitesFeed: Failed to fetch data from Contile server: NetworkError when attempting to fetch resource.
JavaScript error: chrome://remote/content/marionette/cert.js, line 55: NS_ERROR_NOT_AVAILABLE: Component returned failure code: 0x80040111 (NS_ERROR_NOT_AVAILABLE) [nsICertOverrideService.setDisableAllSecurityChecksAndLetAttackersInterceptMyData]
[Parent 8464, IPC I/O Parent] WARNING: file /builds/worker/checkouts/gecko/ipc/chromium/src/base/process_util_win.cc:167

###!!! [Parent][PGPUParent] Error: RunMessage(msgname=PGPU::Msg_ShutdownVR) Channel closing: too late to send/recv, messages will be lost

Marionette	INFO	Listening on port 63271
1651583815175	RemoteAgent	WARN	TLS certificate errors will be ignored for this session
1651583822898	Marionette	WARN	TimedPromise timed out after 500 ms: stacktrace:
TimedPromise/<@chrome://remote/content/marionette/sync.js:235:19
TimedPromise@chrome://remote/content/marionette/sync.js:220:10
interaction.flushEventLoop@chrome://remote/content/marionette/interaction.js:431:10
webdriverClickElement@chrome://remote/content/marionette/interaction.js:179:31
1651583824106	Marionette	WARN	TimedPromise timed out after 500 ms: stacktrace:
TimedPromise/<@chrome://remote/content/marionette/sync.js:235:19
TimedPromise@chrome://remote/content/marionette/sync.js:220:10
interaction.flushEventLoop@chrome://remote/content/marionette/interaction.js:431:10
webdriverClickElement@chrome://remote/content/marionette/interaction.js:179:31
1651583825334	Marionette	WARN	TimedPromise timed out after 500 ms: stacktrace:
TimedPromise/<@chrome://remote/content/marionette/sync.js:235:19
TimedPromise@chrome://remote/content/marionette/sync.js:220:10
interaction.flushEventLoop@chrome://remote/content/marionette/interaction.js:431:10
webdriverClickElement@chrome://remote/content/marionette/interaction.js:179:31
1651583826548	Marionette	WARN	TimedPromise timed out after 500 ms: stacktrace:
TimedPromise/<@chrome://remote/content/marionette/sync.js:235:19
TimedPromise@chrome://remote/content/marionette/sync.js:220:10
interaction.flushEventLoop@chrome://remote/content/marionette/interaction.js:431:10
webdriverClickElement@chrome://remote/content/marionette/interaction.js:179:31
1651583827777	Marionette	WARN	TimedPromise timed out after 500 ms: stacktrace:
TimedPromise/<@chrome://remote/content/marionette/sync.js:235:19
TimedPromise@chrome://remote/content/marionette/sync.js:220:10
interaction.flushEventLoop@chrome://remote/content/marionette/interaction.js:431:10
webdriverClickElement@chrome://remote/content/marionette/interaction.js:179:31
1651584198791	Marionette	INFO	Stopped listening on port 63271
console.warn: TopSitesFeed: Failed to fetch data from Contile server: NetworkError when attempting to fetch resource.
JavaScript error: chrome://remote/content/marionette/cert.js, line 55: NS_ERROR_NOT_AVAILABLE: Component returned failure code: 0x80040111 (NS_ERROR_NOT_AVAILABLE) [nsICertOverrideService.setDisableAllSecurityChecksAndLetAttackersInterceptMyData]
?" (new NotFoundError("Could not open the file at C:\\Users\\VINICI~2.GOM\\AppData\\Local\\Temp\\rust_mozprofiletb897v\\search.json.mozlz4", (void 0)))
DevTools listening on ws://localhost:63446/devtools/browser/55c382ea-ccef-4d09-8a01-df038582a306
1651584044880	Marionette	INFO	Listening on port 63454
1651584044942	RemoteAgent	WARN	TLS certificate errors will be ignored for this session
1651584200312	Marionette	INFO	Stopped listening on port 63454
console.warn: TopSitesFeed: Failed to fetch data from Contile server: NetworkError when attempting to fetch resource.
JavaScript error: chrome://remote/content/marionette/cert.js, line 55: NS_ERROR_NOT_AVAILABLE: Component returned failure code: 0x80040111 (NS_ERROR_NOT_AVAILABLE) [nsICertOverrideService.setDisableAllSecurityChecksAndLetAttackersInterceptMyData]

###!!! [Parent][PGPUParent] Error: RunMessage(msgname=PGPU::Msg_ShutdownVR) Channel closing: too late to send/recv, messages will be lost

oid 0)))
DevTools listening on ws://localhost:63582/devtools/browser/4b3a2ef9-9b6c-46ca-bf11-0055eaa37b90
1651584158453	Marionette	INFO	Listening on port 63590
1651584158546	RemoteAgent	WARN	TLS certificate errors will be ignored for this session
JavaScript error: https://www.petz.com.br/, line 835: SyntaxError: expected expression, got ')'
JavaScript warning: https://www.petz.com.br/, line 1106: unreachable code after return statement
JavaScript warning: https://www.petz.com.br/, line 1106: unreachable code after return statement
JavaScript warning: https://www.petz.com.br/, line 8307: unreachable code after return statement
console.warn: LoginRecipes: "getRecipes: falling back to a synchronous message for:" "https://www.petz.com.br"
console.warn: LoginRecipes: "getRecipes: falling back to a synchronous message for:" "https://www.petz.com.br"
1651584193827	Marionette	INFO	Stopped listening on port 63590
JavaScript error: chrome://remote/content/marionette/cert.js, line 55: NS_ERROR_NOT_AVAILABLE: Component returned failure code: 0x80040111 (NS_ERROR_NOT_AVAILABLE) [nsICertOverrideService.setDisableAllSecurityChecksAndLetAttackersInterceptMyData]

###!!! [Parent][PGPUParent] Error: RunMessage(msgname=PGPU::Msg_ShutdownVR) Channel closing: too late to send/recv, messages will be lost

1651584784332	geckodriver	INFO	Listening on 127.0.0.1:64078
1651584787273	mozrunner::runner	INFO	Running command: "C:\\Program Files\\Mozilla Firefox\\firefox.exe" "--marionette" "--remote-debugging-port" "64079" "-no-remote" "-profile" "C:\\Users\\VINICI~2.GOM\\AppData\\Local\\Temp\\rust_mozprofiledEMTnX"
1651584787751	Marionette	INFO	Marionette enabled
console.warn: SearchSettings: "get: No settings file exists, new profile?" (new NotFoundError("Could not open the file at C:\\Users\\VINICI~2.GOM\\AppData\\Local\\Temp\\rust_mozprofiledEMTnX\\search.json.mozlz4", (void 0)))
DevTools listening on ws://localhost:64079/devtools/browser/13d95eb9-9f76-452b-8ea2-5b82b4707592
1651584789391	Marionette	INFO	Listening on port 64094
1651584789424	RemoteAgent	WARN	TLS certificate errors will be ignored for this session
1651584802624	Marionette	INFO	Stopped listening on port 64094
console.warn: TopSitesFeed: Failed to fetch data from Contile server: NetworkError when attempting to fetch resource.
JavaScript error: chrome://remote/content/marionette/cert.js, line 55: NS_ERROR_NOT_AVAILABLE: Component returned failure code: 0x80040111 (NS_ERROR_NOT_AVAILABLE) [nsICertOverrideService.setDisableAllSecurityChecksAndLetAttackersInterceptMyData]

###!!! [Parent][PGPUParent] Error: RunMessage(msgname=PGPU::Msg_ShutdownVR) Channel closing: too late to send/recv, messages will be lost

1651585036660	geckodriver	INFO	Listening on 127.0.0.1:64244
1651585039620	mozrunner::runner	INFO	Running command: "C:\\Program Files\\Mozilla Firefox\\firefox.exe" "--marionette" "--remote-debugging-port" "64245" "-no-remote" "-profile" "C:\\Users\\VINICI~2.GOM\\AppData\\Local\\Temp\\rust_mozprofileBNU197"
1651585039889	Marionette	INFO	Marionette enabled
console.warn: SearchSettings: "get: No settings file exists, new profile?" (new NotFoundError("Could not open the file at C:\\Users\\VINICI~2.GOM\\AppData\\Local\\Temp\\rust_mozprofileBNU197\\search.json.mozlz4", (void 0)))
DevTools listening on ws://localhost:64245/devtools/browser/72049c60-e4ce-45c9-92bc-7316c74a4fa3
1651585041559	Marionette	INFO	Listening on port 64250
1651585041662	RemoteAgent	WARN	TLS certificate errors will be ignored for this session
1651585051107	Marionette	INFO	Stopped listening on port 64250
console.warn: TopSitesFeed: Failed to fetch data from Contile server: NetworkError when attempting to fetch resource.
JavaScript error: chrome://remote/content/marionette/cert.js, line 55: NS_ERROR_NOT_AVAILABLE: Component returned failure code: 0x80040111 (NS_ERROR_NOT_AVAILABLE) [nsICertOverrideService.setDisableAllSecurityChecksAndLetAttackersInterceptMyData]
1651585066315	geckodriver	INFO	Listening on 127.0.0.1:64294
1651585069271	mozrunner::runner	INFO	Running command: "C:\\Program Files\\Mozilla Firefox\\firefox.exe" "--marionette" "--remote-debugging-port" "64295" "-no-remote" "-profile" "C:\\Users\\VINICI~2.GOM\\AppData\\Local\\Temp\\rust_mozprofilePuTGH8"
1651585069534	Marionette	INFO	Marionette enabled
console.warn: SearchSettings: "get: No settings file exists, new profile?" (new NotFoundError("Could not open the file at C:\\Users\\VINICI~2.GOM\\AppData\\Local\\Temp\\rust_mozprofilePuTGH8\\search.json.mozlz4", (void 0)))
DevTools listening on ws://localhost:64295/devtools/browser/240ec4dc-bd7f-46d0-9221-44241799d83e
1651585071137	Marionette	INFO	Listening on port 64300
1651585071313	RemoteAgent	WARN	TLS certificate errors will be ignored for this session
JavaScript error: https://www.petz.com.br/, line 835: SyntaxError: expected expression, got ')'
JavaScript warning: https://www.petz.com.br/, line 1106: unreachable code after return statement
JavaScript warning: https://www.petz.com.br/, line 1106: unreachable code after return statement
JavaScript warning: https://www.petz.com.br/, line 8307: unreachable code after return statement
console.warn: LoginRecipes: "getRecipes: falling back to a synchronous message for:" "https://www.petz.com.br"
console.warn: LoginRecipes: "getRecipes: falling back to a synchronous message for:" "https://www.petz.com.br"
1651585097192	Marionette	INFO	Stopped listening on port 64300
JavaScript error: chrome://remote/content/marionette/cert.js, line 55: NS_ERROR_NOT_AVAILABLE: Component returned failure code: 0x80040111 (NS_ERROR_NOT_AVAILABLE) [nsICertOverrideService.setDisableAllSecurityChecksAndLetAttackersInterceptMyData]

###!!! [Child][PContentChild] Error: RunMessage(msgname=PHttpChannel::Msg_DeleteSelf) Channel closing: too late to send/recv, messages will be lost

1651585563221	geckodriver	INFO	Listening on 127.0.0.1:64558
1651585566187	mozrunner::runner	INFO	Running command: "C:\\Program Files\\Mozilla Firefox\\firefox.exe" "--marionette" "--remote-debugging-port" "64559" "-no-remote" "-profile" "C:\\Users\\VINICI~2.GOM\\AppData\\Local\\Temp\\rust_mozprofileRhyFBf"
1651585566463	Marionette	INFO	Marionette enabled
console.warn: SearchSettings: "get: No settings file exists, new profile?" (new NotFoundError("Could not open the file at C:\\Users\\VINICI~2.GOM\\AppData\\Local\\Temp\\rust_mozprofileRhyFBf\\search.json.mozlz4", (void 0)))
DevTools listening on ws://localhost:64559/devtools/browser/af61f26d-b32e-4a94-910f-c30682fb9cef
1651585568043	Marionette	INFO	Listening on port 64564
1651585568230	RemoteAgent	WARN	TLS certificate errors will be ignored for this session
1651585584369	Marionette	INFO	Stopped listening on port 64564
console.warn: TopSitesFeed: Failed to fetch data from Contile server: NetworkError when attempting to fetch resource.
JavaScript error: chrome://remote/content/marionette/cert.js, line 55: NS_ERROR_NOT_AVAILABLE: Component returned failure code: 0x80040111 (NS_ERROR_NOT_AVAILABLE) [nsICertOverrideService.setDisableAllSecurityChecksAndLetAttackersInterceptMyData]

###!!! [Parent][PGPUParent] Error: RunMessage(msgname=PGPU::Msg_ShutdownVR) Channel closing: too late to send/recv, messages will be lost

1651586185517	geckodriver	INFO	Listening on 127.0.0.1:64650
1651586188471	mozrunner::runner	INFO	Running command: "C:\\Program Files\\Mozilla Firefox\\firefox.exe" "--marionette" "--remote-debugging-port" "64651" "-no-remote" "-profile" "C:\\Users\\VINICI~2.GOM\\AppData\\Local\\Temp\\rust_mozprofileNesrPQ"
1651586188746	Marionette	INFO	Marionette enabled
console.warn: SearchSettings: "get: No settings file exists, new profile?" (new NotFoundError("Could not open the file at C:\\Users\\VINICI~2.GOM\\AppData\\Local\\Temp\\rust_mozprofileNesrPQ\\search.json.mozlz4", (void 0)))
DevTools listening on ws://localhost:64651/devtools/browser/bfa08b35-6f9a-417c-a816-845b25655ed3
1651586190410	Marionette	INFO	Listening on port 64656
1651586190538	RemoteAgent	WARN	TLS certificate errors will be ignored for this session
1651586194700	Marionette	INFO	Stopped listening on port 64656
console.warn: TopSitesFeed: Failed to fetch data from Contile server: NetworkError when attempting to fetch resource.
JavaScript error: chrome://remote/content/marionette/cert.js, line 55: NS_ERROR_NOT_AVAILABLE: Component returned failure code: 0x80040111 (NS_ERROR_NOT_AVAILABLE) [nsICertOverrideService.setDisableAllSecurityChecksAndLetAttackersInterceptMyData]
1651586418341	geckodriver	INFO	Listening on 127.0.0.1:64730
1651586421314	mozrunner::runner	INFO	Running command: "C:\\Program Files\\Mozilla Firefox\\firefox.exe" "--marionette" "--remote-debugging-port" "64731" "-no-remote" "-profile" "C:\\Users\\VINICI~2.GOM\\AppData\\Local\\Temp\\rust_mozprofilevQxrex"
1651586421580	Marionette	INFO	Marionette enabled
console.warn: SearchSettings: "get: No settings file exists, new profile?" (new NotFoundError("Could not open the file at C:\\Users\\VINICI~2.GOM\\AppData\\Local\\Temp\\rust_mozprofilevQxrex\\search.json.mozlz4", (void 0)))
DevTools listening on ws://localhost:64731/devtools/browser/93a9762d-6b97-414a-b2f5-636fcdcb56e8
1651586423210	Marionette	INFO	Listening on port 64736
1651586423352	RemoteAgent	WARN	TLS certificate errors will be ignored for this session
JavaScript error: , line 0: NS_ERROR_NOT_AVAILABLE
1651587878439	Marionette	INFO	Stopped listening on port 64736
console.warn: TopSitesFeed: Failed to fetch data from Contile server: NetworkError when attempting to fetch resource.
JavaScript error: chrome://remote/content/marionette/cert.js, line 55: NS_ERROR_NOT_AVAILABLE: Component returned failure code: 0x80040111 (NS_ERROR_NOT_AVAILABLE) [nsICertOverrideService.setDisableAllSecurityChecksAndLetAttackersInterceptMyData]
\\Users\\VINICI~2.GOM\\AppData\\Local\\Temp\\rust_mozprofilevmyIIE\\search.json.mozlz4", (void 0)))
DevTools listening on ws://localhost:64856/devtools/browser/f329b66e-09ee-4de3-95eb-ce9eb61f99af
1651587156377	Marionette	INFO	Listening on port 64861
1651587156506	RemoteAgent	WARN	TLS certificate errors will be ignored for this session
1651587879634	Marionette	INFO	Stopped listening on port 64861
console.warn: TopSitesFeed: Failed to fetch data from Contile server: NetworkError when attempting to fetch resource.
JavaScript error: chrome://remote/content/marionette/cert.js, line 55: NS_ERROR_NOT_AVAILABLE: Component returned failure code: 0x80040111 (NS_ERROR_NOT_AVAILABLE) [nsICertOverrideService.setDisableAllSecurityChecksAndLetAttackersInterceptMyData]
1651587894199	geckodriver	INFO	Listening on 127.0.0.1:65009
1651587897180	mozrunner::runner	INFO	Running command: "C:\\Program Files\\Mozilla Firefox\\firefox.exe" "--marionette" "--remote-debugging-port" "65010" "-no-remote" "-profile" "C:\\Users\\VINICI~2.GOM\\AppData\\Local\\Temp\\rust_mozprofile2HwE28"
1651587897446	Marionette	INFO	Marionette enabled
console.warn: SearchSettings: "get: No settings file exists, new profile?" (new NotFoundError("Could not open the file at C:\\Users\\VINICI~2.GOM\\AppData\\Local\\Temp\\rust_mozprofile2HwE28\\search.json.mozlz4", (void 0)))
DevTools listening on ws://localhost:65010/devtools/browser/00c1afb6-32aa-4624-b3a7-f8560ed9b20a
1651587899161	Marionette	INFO	Listening on port 65015
1651587899223	RemoteAgent	WARN	TLS certificate errors will be ignored for this session
JavaScript error: , line 0: NS_ERROR_NOT_AVAILABLE
1651590809654	Marionette	INFO	Stopped listening on port 65015
console.warn: TopSitesFeed: Failed to fetch data from Contile server: NetworkError when attempting to fetch resource.
JavaScript error: chrome://remote/content/marionette/cert.js, line 55: NS_ERROR_NOT_AVAILABLE: Component returned failure code: 0x80040111 (NS_ERROR_NOT_AVAILABLE) [nsICertOverrideService.setDisableAllSecurityChecksAndLetAttackersInterceptMyData]
\\Users\\VINICI~2.GOM\\AppData\\Local\\Temp\\rust_mozprofileCAfwqX\\search.json.mozlz4", (void 0)))
DevTools listening on ws://localhost:65129/devtools/browser/5d9c0841-6811-46b2-8066-9b231ef81b18
1651588400352	Marionette	INFO	Listening on port 65134
1651588400443	RemoteAgent	WARN	TLS certificate errors will be ignored for this session
JavaScript error: , line 0: NS_ERROR_NOT_AVAILABLE
1651590808544	Marionette	INFO	Stopped listening on port 65134
console.warn: TopSitesFeed: Failed to fetch data from Contile server: NetworkError when attempting to fetch resource.
JavaScript error: chrome://remote/content/marionette/cert.js, line 55: NS_ERROR_NOT_AVAILABLE: Component returned failure code: 0x80040111 (NS_ERROR_NOT_AVAILABLE) [nsICertOverrideService.setDisableAllSecurityChecksAndLetAttackersInterceptMyData]

###!!! [Parent][PGPUParent] Error: RunMessage(msgname=PGPU::Msg_ShutdownVR) Channel closing: too late to send/recv, messages will be lost

oid 0)))
DevTools listening on ws://localhost:65349/devtools/browser/38d269dc-50f8-400b-8cf5-9d2c85114938
1651589943622	Marionette	INFO	Listening on port 65354
1651589943752	RemoteAgent	WARN	TLS certificate errors will be ignored for this session
JavaScript error: , line 0: NS_ERROR_NOT_AVAILABLE
JavaScript error: resource://gre/modules/AsyncShutdown.jsm, line 575: NotFoundError: No such JSWindowActor 'DevToolsFrame'
1651590804842	Marionette	INFO	Stopped listening on port 65354
console.warn: TopSitesFeed: Failed to fetch data from Contile server: NetworkError when attempting to fetch resource.
JavaScript error: chrome://remote/content/marionette/cert.js, line 55: NS_ERROR_NOT_AVAILABLE: Component returned failure code: 0x80040111 (NS_ERROR_NOT_AVAILABLE) [nsICertOverrideService.setDisableAllSecurityChecksAndLetAttackersInterceptMyData]
s://localhost:65412/devtools/browser/7331b8ff-f371-40ca-b7fc-98415e24381e
1651590124599	Marionette	INFO	Listening on port 65417
1651590124837	RemoteAgent	WARN	TLS certificate errors will be ignored for this session
1651590301316	Marionette	INFO	Stopped listening on port 65417
console.warn: TopSitesFeed: Failed to fetch data from Contile server: NetworkError when attempting to fetch resource.
JavaScript error: chrome://remote/content/marionette/cert.js, line 55: NS_ERROR_NOT_AVAILABLE: Component returned failure code: 0x80040111 (NS_ERROR_NOT_AVAILABLE) [nsICertOverrideService.setDisableAllSecurityChecksAndLetAttackersInterceptMyData]
1651590304168	geckodriver	INFO	Listening on 127.0.0.1:65495
1651590307182	mozrunner::runner	INFO	Running command: "C:\\Program Files\\Mozilla Firefox\\firefox.exe" "--marionette" "--remote-debugging-port" "65496" "-no-remote" "-profile" "C:\\Users\\VINICI~2.GOM\\AppData\\Local\\Temp\\rust_mozprofileiNcqFF"
1651590307441	Marionette	INFO	Marionette enabled
console.warn: SearchSettings: "get: No settings file exists, new profile?" (new NotFoundError("Could not open the file at C:\\Users\\VINICI~2.GOM\\AppData\\Local\\Temp\\rust_mozprofileiNcqFF\\search.json.mozlz4", (void 0)))
DevTools listening on ws://localhost:65496/devtools/browser/8b651eb3-1461-4b39-8644-ef0e4b62a8bc
1651590309153	Marionette	INFO	Listening on port 65502
1651590309219	RemoteAgent	WARN	TLS certificate errors will be ignored for this session
1651590806078	Marionette	INFO	Stopped listening on port 65502
console.warn: TopSitesFeed: Failed to fetch data from Contile server: NetworkError when attempting to fetch resource.
JavaScript error: chrome://remote/content/marionette/cert.js, line 55: NS_ERROR_NOT_AVAILABLE: Component returned failure code: 0x80040111 (NS_ERROR_NOT_AVAILABLE) [nsICertOverrideService.setDisableAllSecurityChecksAndLetAttackersInterceptMyData]
?" (new NotFoundError("Could not open the file at C:\\Users\\VINICI~2.GOM\\AppData\\Local\\Temp\\rust_mozprofile4wOZXm\\search.json.mozlz4", (void 0)))
DevTools listening on ws://localhost:49191/devtools/browser/92ded8a4-37b2-427a-8461-a74362b17bbe
1651590435977	Marionette	INFO	Listening on port 49196
1651590436147	RemoteAgent	WARN	TLS certificate errors will be ignored for this session
1651590807368	Marionette	INFO	Stopped listening on port 49196
console.warn: TopSitesFeed: Failed to fetch data from Contile server: NetworkError when attempting to fetch resource.
JavaScript error: chrome://remote/content/marionette/cert.js, line 55: NS_ERROR_NOT_AVAILABLE: Component returned failure code: 0x80040111 (NS_ERROR_NOT_AVAILABLE) [nsICertOverrideService.setDisableAllSecurityChecksAndLetAttackersInterceptMyData]
?" (new NotFoundError("Could not open the file at C:\\Users\\VINICI~2.GOM\\AppData\\Local\\Temp\\rust_mozprofilexNAwPo\\search.json.mozlz4", (void 0)))
DevTools listening on ws://localhost:49254/devtools/browser/fbb287cc-aaaf-4d23-be9a-93f237df36bd
1651590592547	Marionette	INFO	Listening on port 49259
1651590592676	RemoteAgent	WARN	TLS certificate errors will be ignored for this session
JavaScript error: resource://gre/modules/AsyncShutdown.jsm, line 575: NotFoundError: No such JSWindowActor 'DevToolsFrame'
1651590797149	Marionette	INFO	Stopped listening on port 49259
console.warn: TopSitesFeed: Failed to fetch data from Contile server: NetworkError when attempting to fetch resource.
JavaScript error: chrome://remote/content/marionette/cert.js, line 55: NS_ERROR_NOT_AVAILABLE: Component returned failure code: 0x80040111 (NS_ERROR_NOT_AVAILABLE) [nsICertOverrideService.setDisableAllSecurityChecksAndLetAttackersInterceptMyData]

###!!! [Parent][PGPUParent] Error: RunMessage(msgname=PGPU::Msg_ShutdownVR) Channel closing: too late to send/recv, messages will be lost

1651591488922	geckodriver	INFO	Listening on 127.0.0.1:49441
1651591491868	mozrunner::runner	INFO	Running command: "C:\\Program Files\\Mozilla Firefox\\firefox.exe" "--marionette" "--remote-debugging-port" "49442" "-no-remote" "-profile" "C:\\Users\\VINICI~2.GOM\\AppData\\Local\\Temp\\rust_mozprofileg23RYx"
1651591492139	Marionette	INFO	Marionette enabled
console.warn: SearchSettings: "get: No settings file exists, new profile?" (new NotFoundError("Could not open the file at C:\\Users\\VINICI~2.GOM\\AppData\\Local\\Temp\\rust_mozprofileg23RYx\\search.json.mozlz4", (void 0)))
DevTools listening on ws://localhost:49442/devtools/browser/86130d25-1e3c-49a2-827f-df35bf4e9fce
1651591493794	Marionette	INFO	Listening on port 49447
1651591493906	RemoteAgent	WARN	TLS certificate errors will be ignored for this session
1651591517315	Marionette	INFO	Stopped listening on port 49447
console.warn: TopSitesFeed: Failed to fetch data from Contile server: NetworkError when attempting to fetch resource.
JavaScript error: chrome://remote/content/marionette/cert.js, line 55: NS_ERROR_NOT_AVAILABLE: Component returned failure code: 0x80040111 (NS_ERROR_NOT_AVAILABLE) [nsICertOverrideService.setDisableAllSecurityChecksAndLetAttackersInterceptMyData]
1651591557968	geckodriver	INFO	Listening on 127.0.0.1:49497
1651591560916	mozrunner::runner	INFO	Running command: "C:\\Program Files\\Mozilla Firefox\\firefox.exe" "--marionette" "--remote-debugging-port" "49498" "-no-remote" "-profile" "C:\\Users\\VINICI~2.GOM\\AppData\\Local\\Temp\\rust_mozprofile6PYOHK"
1651591561182	Marionette	INFO	Marionette enabled
console.warn: SearchSettings: "get: No settings file exists, new profile?" (new NotFoundError("Could not open the file at C:\\Users\\VINICI~2.GOM\\AppData\\Local\\Temp\\rust_mozprofile6PYOHK\\search.json.mozlz4", (void 0)))
DevTools listening on ws://localhost:49498/devtools/browser/c2c6cf0f-b083-4029-afdd-081e6b1b6650
1651591562787	Marionette	INFO	Listening on port 49504
1651591562968	RemoteAgent	WARN	TLS certificate errors will be ignored for this session
JavaScript error: , line 0: NS_ERROR_NOT_AVAILABLE
1651593146506	Marionette	INFO	Stopped listening on port 49504
console.warn: TopSitesFeed: Failed to fetch data from Contile server: NetworkError when attempting to fetch resource.
JavaScript error: chrome://remote/content/marionette/cert.js, line 55: NS_ERROR_NOT_AVAILABLE: Component returned failure code: 0x80040111 (NS_ERROR_NOT_AVAILABLE) [nsICertOverrideService.setDisableAllSecurityChecksAndLetAttackersInterceptMyData]

###!!! [Parent][PGPUParent] Error: RunMessage(msgname=PGPU::Msg_ShutdownVR) Channel closing: too late to send/recv, messages will be lost

oid 0)))
DevTools listening on ws://localhost:49740/devtools/browser/71e77ace-3255-434c-ab5c-c6f9fee12176
1651593081660	Marionette	INFO	Listening on port 49745
1651593081804	RemoteAgent	WARN	TLS certificate errors will be ignored for this session
1651593157967	Marionette	INFO	Stopped listening on port 49745
console.warn: TopSitesFeed: Failed to fetch data from Contile server: NetworkError when attempting to fetch resource.
JavaScript error: chrome://remote/content/marionette/cert.js, line 55: NS_ERROR_NOT_AVAILABLE: Component returned failure code: 0x80040111 (NS_ERROR_NOT_AVAILABLE) [nsICertOverrideService.setDisableAllSecurityChecksAndLetAttackersInterceptMyData]
1651593170797	geckodriver	INFO	Listening on 127.0.0.1:49899
1651593173773	mozrunner::runner	INFO	Running command: "C:\\Program Files\\Mozilla Firefox\\firefox.exe" "--marionette" "--remote-debugging-port" "49900" "-no-remote" "-profile" "C:\\Users\\VINICI~2.GOM\\AppData\\Local\\Temp\\rust_mozprofileSXNGxl"
1651593174039	Marionette	INFO	Marionette enabled
console.warn: SearchSettings: "get: No settings file exists, new profile?" (new NotFoundError("Could not open the file at C:\\Users\\VINICI~2.GOM\\AppData\\Local\\Temp\\rust_mozprofileSXNGxl\\search.json.mozlz4", (void 0)))
DevTools listening on ws://localhost:49900/devtools/browser/758a55c1-0dc4-424c-b457-b557d9fc117b
1651593175593	Marionette	INFO	Listening on port 49905
1651593175816	RemoteAgent	WARN	TLS certificate errors will be ignored for this session
JavaScript error: , line 0: NS_ERROR_NOT_AVAILABLE
1651596106101	Marionette	INFO	Stopped listening on port 49905
console.warn: TopSitesFeed: Failed to fetch data from Contile server: NetworkError when attempting to fetch resource.
JavaScript error: chrome://remote/content/marionette/cert.js, line 55: NS_ERROR_NOT_AVAILABLE: Component returned failure code: 0x80040111 (NS_ERROR_NOT_AVAILABLE) [nsICertOverrideService.setDisableAllSecurityChecksAndLetAttackersInterceptMyData]
\\Users\\VINICI~2.GOM\\AppData\\Local\\Temp\\rust_mozprofiletXnsWr\\search.json.mozlz4", (void 0)))
DevTools listening on ws://localhost:49976/devtools/browser/ea76fd71-2642-4926-98d5-7cc54cf8a95d
1651593380936	Marionette	INFO	Listening on port 49981
1651593381088	RemoteAgent	WARN	TLS certificate errors will be ignored for this session
JavaScript error: , line 0: NS_ERROR_NOT_AVAILABLE
1651596104852	Marionette	INFO	Stopped listening on port 49981
console.warn: TopSitesFeed: Failed to fetch data from Contile server: NetworkError when attempting to fetch resource.
JavaScript error: chrome://remote/content/marionette/cert.js, line 55: NS_ERROR_NOT_AVAILABLE: Component returned failure code: 0x80040111 (NS_ERROR_NOT_AVAILABLE) [nsICertOverrideService.setDisableAllSecurityChecksAndLetAttackersInterceptMyData]
?" (new NotFoundError("Could not open the file at C:\\Users\\VINICI~2.GOM\\AppData\\Local\\Temp\\rust_mozprofilecWlVXR\\search.json.mozlz4", (void 0)))
DevTools listening on ws://localhost:50595/devtools/browser/f1f731c0-b9e3-4f81-b8ea-955fcfe30ae0
1651596069959	Marionette	INFO	Listening on port 50601
1651596069979	RemoteAgent	WARN	TLS certificate errors will be ignored for this session
1651596102595	Marionette	INFO	Stopped listening on port 50601
console.warn: TopSitesFeed: Failed to fetch data from Contile server: NetworkError when attempting to fetch resource.
JavaScript error: chrome://remote/content/marionette/cert.js, line 55: NS_ERROR_NOT_AVAILABLE: Component returned failure code: 0x80040111 (NS_ERROR_NOT_AVAILABLE) [nsICertOverrideService.setDisableAllSecurityChecksAndLetAttackersInterceptMyData]
1651596181909	geckodriver	INFO	Listening on 127.0.0.1:50669
1651596184869	mozrunner::runner	INFO	Running command: "C:\\Program Files\\Mozilla Firefox\\firefox.exe" "--marionette" "--remote-debugging-port" "50670" "-no-remote" "-profile" "C:\\Users\\VINICI~2.GOM\\AppData\\Local\\Temp\\rust_mozprofileJV8qHX"
1651596185128	Marionette	INFO	Marionette enabled
console.warn: SearchSettings: "get: No settings file exists, new profile?" (new NotFoundError("Could not open the file at C:\\Users\\VINICI~2.GOM\\AppData\\Local\\Temp\\rust_mozprofileJV8qHX\\search.json.mozlz4", (void 0)))
DevTools listening on ws://localhost:50670/devtools/browser/73b905f1-c0b9-47cb-ac9b-dacb07fb8416
1651596186748	Marionette	INFO	Listening on port 50676
1651596186926	RemoteAgent	WARN	TLS certificate errors will be ignored for this session
1651596194083	Marionette	INFO	Stopped listening on port 50676
console.warn: TopSitesFeed: Failed to fetch data from Contile server: NetworkError when attempting to fetch resource.
JavaScript error: chrome://remote/content/marionette/cert.js, line 55: NS_ERROR_NOT_AVAILABLE: Component returned failure code: 0x80040111 (NS_ERROR_NOT_AVAILABLE) [nsICertOverrideService.setDisableAllSecurityChecksAndLetAttackersInterceptMyData]
1651596266717	geckodriver	INFO	Listening on 127.0.0.1:50728
1651596269669	mozrunner::runner	INFO	Running command: "C:\\Program Files\\Mozilla Firefox\\firefox.exe" "--marionette" "--remote-debugging-port" "50729" "-no-remote" "-profile" "C:\\Users\\VINICI~2.GOM\\AppData\\Local\\Temp\\rust_mozprofileSeg54z"
1651596269937	Marionette	INFO	Marionette enabled
console.warn: SearchSettings: "get: No settings file exists, new profile?" (new NotFoundError("Could not open the file at C:\\Users\\VINICI~2.GOM\\AppData\\Local\\Temp\\rust_mozprofileSeg54z\\search.json.mozlz4", (void 0)))
DevTools listening on ws://localhost:50729/devtools/browser/5147bb68-718b-4624-b82e-44d69b07f770
1651596271592	Marionette	INFO	Listening on port 50734
1651596271743	RemoteAgent	WARN	TLS certificate errors will be ignored for this session
1651596698880	Marionette	INFO	Stopped listening on port 50734
[Parent 10784, IPC I/O Parent] WARNING: DuplicateHandle failed for handle 0 in TransferHandles: file /builds/worker/checkouts/gecko/ipc/chromium/src/chrome/common/ipc_channel_win.cc:725
JavaScript error: chrome://remote/content/marionette/cert.js, line 55: NS_ERROR_NOT_AVAILABLE: Component returned failure code: 0x80040111 (NS_ERROR_NOT_AVAILABLE) [nsICertOverrideService.setDisableAllSecurityChecksAndLetAttackersInterceptMyData]

###!!! [Parent][PGPUParent] Error: RunMessage(msgname=PGPU::Msg_ShutdownVR) Channel closing: too late to send/recv, messages will be lost

r/123f958b-4869-4367-8f80-345bf153bc92
1651596390543	Marionette	INFO	Listening on port 50828
1651596390750	RemoteAgent	WARN	TLS certificate errors will be ignored for this session
1651596421951	Marionette	INFO	Stopped listening on port 50828
JavaScript error: chrome://remote/content/marionette/cert.js, line 55: NS_ERROR_NOT_AVAILABLE: Component returned failure code: 0x80040111 (NS_ERROR_NOT_AVAILABLE) [nsICertOverrideService.setDisableAllSecurityChecksAndLetAttackersInterceptMyData]
[Parent 8776, IPC I/O Parent] WARNING: file /builds/worker/checkouts/gecko/ipc/chromium/src/base/process_util_win.cc:167
1651596495966	geckodriver	INFO	Listening on 127.0.0.1:50880
1651596498951	mozrunner::runner	INFO	Running command: "C:\\Program Files\\Mozilla Firefox\\firefox.exe" "--marionette" "--remote-debugging-port" "50881" "-no-remote" "-profile" "C:\\Users\\VINICI~2.GOM\\AppData\\Local\\Temp\\rust_mozprofileg5BAIw"
1651596499215	Marionette	INFO	Marionette enabled
console.warn: SearchSettings: "get: No settings file exists, new profile?" (new NotFoundError("Could not open the file at C:\\Users\\VINICI~2.GOM\\AppData\\Local\\Temp\\rust_mozprofileg5BAIw\\search.json.mozlz4", (void 0)))
DevTools listening on ws://localhost:50881/devtools/browser/63bb7d90-c08e-4f04-a2e0-ff0db259cc1a
1651596500858	Marionette	INFO	Listening on port 50886
1651596500998	RemoteAgent	WARN	TLS certificate errors will be ignored for this session
1651596507621	Marionette	INFO	Stopped listening on port 50886
console.warn: TopSitesFeed: Failed to fetch data from Contile server: NetworkError when attempting to fetch resource.
JavaScript error: chrome://remote/content/marionette/cert.js, line 55: NS_ERROR_NOT_AVAILABLE: Component returned failure code: 0x80040111 (NS_ERROR_NOT_AVAILABLE) [nsICertOverrideService.setDisableAllSecurityChecksAndLetAttackersInterceptMyData]
1651596708694	geckodriver	INFO	Listening on 127.0.0.1:50966
1651596711662	mozrunner::runner	INFO	Running command: "C:\\Program Files\\Mozilla Firefox\\firefox.exe" "--marionette" "--remote-debugging-port" "50967" "-no-remote" "-profile" "C:\\Users\\VINICI~2.GOM\\AppData\\Local\\Temp\\rust_mozprofileGhKszN"
1651596711925	Marionette	INFO	Marionette enabled
console.warn: SearchSettings: "get: No settings file exists, new profile?" (new NotFoundError("Could not open the file at C:\\Users\\VINICI~2.GOM\\AppData\\Local\\Temp\\rust_mozprofileGhKszN\\search.json.mozlz4", (void 0)))
DevTools listening on ws://localhost:50967/devtools/browser/9761e274-74df-4e07-a083-a3c93358a155
1651596713477	Marionette	INFO	Listening on port 50972
1651596713702	RemoteAgent	WARN	TLS certificate errors will be ignored for this session
1651596731479	Marionette	INFO	Stopped listening on port 50972
console.warn: TopSitesFeed: Failed to fetch data from Contile server: NetworkError when attempting to fetch resource.
JavaScript error: chrome://remote/content/marionette/cert.js, line 55: NS_ERROR_NOT_AVAILABLE: Component returned failure code: 0x80040111 (NS_ERROR_NOT_AVAILABLE) [nsICertOverrideService.setDisableAllSecurityChecksAndLetAttackersInterceptMyData]
1651664882209	geckodriver	INFO	Listening on 127.0.0.1:53495
1651664885159	mozrunner::runner	INFO	Running command: "C:\\Program Files\\Mozilla Firefox\\firefox.exe" "--marionette" "--remote-debugging-port" "53496" "-no-remote" "-profile" "C:\\Users\\VINICI~2.GOM\\AppData\\Local\\Temp\\rust_mozprofileqCgwlk"
1651664885758	Marionette	INFO	Marionette enabled
console.warn: SearchSettings: "get: No settings file exists, new profile?" (new NotFoundError("Could not open the file at C:\\Users\\VINICI~2.GOM\\AppData\\Local\\Temp\\rust_mozprofileqCgwlk\\search.json.mozlz4", (void 0)))
DevTools listening on ws://localhost:53496/devtools/browser/db1c71c7-85d8-4fea-8a8a-0239e0b78d0e
1651664887553	Marionette	INFO	Listening on port 53501
1651664887828	RemoteAgent	WARN	TLS certificate errors will be ignored for this session
1651664889047	Marionette	INFO	Stopped listening on port 53501
1651678867806	geckodriver	INFO	Listening on 127.0.0.1:58011
1651678870792	mozrunner::runner	INFO	Running command: "C:\\Program Files\\Mozilla Firefox\\firefox.exe" "--marionette" "--remote-debugging-port" "58012" "-no-remote" "-profile" "C:\\Users\\VINICI~2.GOM\\AppData\\Local\\Temp\\rust_mozprofileC0uLIo"
1651678871101	Marionette	INFO	Marionette enabled
console.warn: SearchSettings: "get: No settings file exists, new profile?" (new NotFoundError("Could not open the file at C:\\Users\\VINICI~2.GOM\\AppData\\Local\\Temp\\rust_mozprofileC0uLIo\\search.json.mozlz4", (void 0)))
DevTools listening on ws://localhost:58012/devtools/browser/9d73fc73-1a71-4b99-83be-c82211189e54
1651678872741	Marionette	INFO	Listening on port 58018
1651678872855	RemoteAgent	WARN	TLS certificate errors will be ignored for this session
JavaScript error: https://curso-python-selenium.netlify.app/aula_04.html, line 1: ReferenceError: brython is not defined
1651678910953	Marionette	INFO	Stopped listening on port 58018
console.warn: TopSitesFeed: Failed to fetch data from Contile server: NetworkError when attempting to fetch resource.
JavaScript error: chrome://remote/content/marionette/cert.js, line 55: NS_ERROR_NOT_AVAILABLE: Component returned failure code: 0x80040111 (NS_ERROR_NOT_AVAILABLE) [nsICertOverrideService.setDisableAllSecurityChecksAndLetAttackersInterceptMyData]

###!!! [Parent][PGPUParent] Error: RunMessage(msgname=PGPU::Msg_ShutdownVR) Channel closing: too late to send/recv, messages will be lost

1651679002315	geckodriver	INFO	Listening on 127.0.0.1:58185
1651679005270	mozrunner::runner	INFO	Running command: "C:\\Program Files\\Mozilla Firefox\\firefox.exe" "--marionette" "--remote-debugging-port" "58186" "-no-remote" "-profile" "C:\\Users\\VINICI~2.GOM\\AppData\\Local\\Temp\\rust_mozprofile7ATpMd"
1651679005570	Marionette	INFO	Marionette enabled
console.warn: SearchSettings: "get: No settings file exists, new profile?" (new NotFoundError("Could not open the file at C:\\Users\\VINICI~2.GOM\\AppData\\Local\\Temp\\rust_mozprofile7ATpMd\\search.json.mozlz4", (void 0)))
DevTools listening on ws://localhost:58186/devtools/browser/a0dda417-7f30-472f-bc01-10f8687374f7
1651679007161	Marionette	INFO	Listening on port 58192
1651679007336	RemoteAgent	WARN	TLS certificate errors will be ignored for this session
JavaScript error: https://www.petz.com.br/, line 835: SyntaxError: expected expression, got ')'
JavaScript warning: https://www.petz.com.br/, line 1106: unreachable code after return statement
JavaScript warning: https://www.petz.com.br/, line 1106: unreachable code after return statement
JavaScript warning: https://www.petz.com.br/, line 8307: unreachable code after return statement
JavaScript error: https://js.appboycdn.com/web-sdk/2.4/appboy.min.js, line 24: Error: Appboy must be initialized before calling methods.
console.warn: LoginRecipes: "getRecipes: falling back to a synchronous message for:" "https://www.petz.com.br"
console.warn: LoginRecipes: "getRecipes: falling back to a synchronous message for:" "https://www.petz.com.br"
1651679026344	Marionette	INFO	Stopped listening on port 58192
JavaScript error: chrome://remote/content/marionette/cert.js, line 55: NS_ERROR_NOT_AVAILABLE: Component returned failure code: 0x80040111 (NS_ERROR_NOT_AVAILABLE) [nsICertOverrideService.setDisableAllSecurityChecksAndLetAttackersInterceptMyData]

###!!! [Child][PContentChild] Error: Send(msgname=PHttpChannel::Msg_Cancel) Channel closing: too late to send/recv, messages will be lost


###!!! [Child][PContentChild] Error: Send(msgname=PHttpChannel::Msg_DeletingChannel) Channel closing: too late to send/recv, messages will be lost


###!!! [Child][PContentChild] Error: Send(msgname=PHttpChannel::Msg_Cancel) Channel closing: too late to send/recv, messages will be lost


###!!! [Child][PContentChild] Error: Send(msgname=PHttpChannel::Msg_DeletingChannel) Channel closing: too late to send/recv, messages will be lost


###!!! [Child][PContentChild] Error: RunMessage(msgname=PSessionStorageObserver::Msg_Observe) Channel closing: too late to send/recv, messages will be lost

1651849038250	geckodriver	INFO	Listening on 127.0.0.1:64952
1651849041211	mozrunner::runner	INFO	Running command: "C:\\Program Files\\Mozilla Firefox\\firefox.exe" "--marionette" "--remote-debugging-port" "64953" "-no-remote" "-profile" "C:\\Users\\VINICI~2.GOM\\AppData\\Local\\Temp\\rust_mozprofileQDuhfS"
1651849041490	Marionette	INFO	Marionette enabled
console.warn: SearchSettings: "get: No settings file exists, new profile?" (new NotFoundError("Could not open the file at C:\\Users\\VINICI~2.GOM\\AppData\\Local\\Temp\\rust_mozprofileQDuhfS\\search.json.mozlz4", (void 0)))
DevTools listening on ws://localhost:64953/devtools/browser/79317b91-251f-4992-a5e7-2b0272fb1eeb
1651849043053	Marionette	INFO	Listening on port 64958
1651849043266	RemoteAgent	WARN	TLS certificate errors will be ignored for this session
console.warn: LoginRecipes: "getRecipes: falling back to a synchronous message for:" "https://selenium.dunossauro.live"
console.warn: LoginRecipes: "getRecipes: falling back to a synchronous message for:" "https://selenium.dunossauro.live"
JavaScript error: resource://gre/modules/LoginManagerParent.jsm, line 136: TypeError: gRecipeManager is null
1651849075273	Marionette	INFO	Stopped listening on port 64958
console.warn: TopSitesFeed: Failed to fetch data from Contile server: NetworkError when attempting to fetch resource.
JavaScript error: chrome://remote/content/marionette/cert.js, line 55: NS_ERROR_NOT_AVAILABLE: Component returned failure code: 0x80040111 (NS_ERROR_NOT_AVAILABLE) [nsICertOverrideService.setDisableAllSecurityChecksAndLetAttackersInterceptMyData]
1651849090295	geckodriver	INFO	Listening on 127.0.0.1:65003
1651849093279	mozrunner::runner	INFO	Running command: "C:\\Program Files\\Mozilla Firefox\\firefox.exe" "--marionette" "--remote-debugging-port" "65004" "-no-remote" "-profile" "C:\\Users\\VINICI~2.GOM\\AppData\\Local\\Temp\\rust_mozprofile6RKHeH"
1651849093554	Marionette	INFO	Marionette enabled
console.warn: SearchSettings: "get: No settings file exists, new profile?" (new NotFoundError("Could not open the file at C:\\Users\\VINICI~2.GOM\\AppData\\Local\\Temp\\rust_mozprofile6RKHeH\\search.json.mozlz4", (void 0)))
DevTools listening on ws://localhost:65004/devtools/browser/c4661467-9acb-4d57-b86a-d815fa247cb4
1651849095180	Marionette	INFO	Listening on port 65009
1651849095345	RemoteAgent	WARN	TLS certificate errors will be ignored for this session
1651849100030	Marionette	INFO	Stopped listening on port 65009
console.warn: TopSitesFeed: Failed to fetch data from Contile server: NetworkError when attempting to fetch resource.
JavaScript error: chrome://remote/content/marionette/cert.js, line 55: NS_ERROR_NOT_AVAILABLE: Component returned failure code: 0x80040111 (NS_ERROR_NOT_AVAILABLE) [nsICertOverrideService.setDisableAllSecurityChecksAndLetAttackersInterceptMyData]
1662992559630	geckodriver	INFO	Listening on 127.0.0.1:56992
1662992562639	mozrunner::runner	INFO	Running command: "C:\\Program Files\\Mozilla Firefox\\firefox.exe" "--marionette" "--remote-debugging-port" "56993" "-no-remote" "-profile" "C:\\Users\\VINICI~2.GOM\\AppData\\Local\\Temp\\rust_mozprofileMenbFf"
1662992563404	Marionette	INFO	Marionette enabled
1662992563410	Marionette	INFO	Listening on port 56999
WebDriver BiDi listening on ws://localhost:56993
1662992563749	RemoteAgent	WARN	TLS certificate errors will be ignored for this session
console.warn: SearchSettings: "get: No settings file exists, new profile?" (new NotFoundError("Could not open the file at C:\\Users\\VINICI~2.GOM\\AppData\\Local\\Temp\\rust_mozprofileMenbFf\\search.json.mozlz4", (void 0)))
DevTools listening on ws://localhost:56993/devtools/browser/e0ecc061-0f61-4234-9acc-e7399cdfc6bd
1662992568244	Marionette	INFO	Stopped listening on port 56999
1662992585881	geckodriver	INFO	Listening on 127.0.0.1:57029
1662992588893	mozrunner::runner	INFO	Running command: "C:\\Program Files\\Mozilla Firefox\\firefox.exe" "--marionette" "--remote-debugging-port" "57030" "-no-remote" "-profile" "C:\\Users\\VINICI~2.GOM\\AppData\\Local\\Temp\\rust_mozprofileU0So19"
1662992589268	Marionette	INFO	Marionette enabled
1662992589272	Marionette	INFO	Listening on port 57036
WebDriver BiDi listening on ws://localhost:57030
1662992589548	RemoteAgent	WARN	TLS certificate errors will be ignored for this session
console.warn: SearchSettings: "get: No settings file exists, new profile?" (new NotFoundError("Could not open the file at C:\\Users\\VINICI~2.GOM\\AppData\\Local\\Temp\\rust_mozprofileU0So19\\search.json.mozlz4", (void 0)))
DevTools listening on ws://localhost:57030/devtools/browser/9f8fff78-9bc0-4417-ba8a-a9a6d6415995
1662992592071	Marionette	INFO	Stopped listening on port 57036
JavaScript error: resource://gre/modules/TerminatorTelemetry.jsm, line 69: AbortError: IOUtils: Shutting down and refusing additional I/O tasks
1663079232440	geckodriver	INFO	Listening on 127.0.0.1:50619
1663079235413	mozrunner::runner	INFO	Running command: "C:\\Program Files\\Mozilla Firefox\\firefox.exe" "--marionette" "--remote-debugging-port" "50620" "-no-remote" "-profile" "C:\\Users\\VINICI~2.GOM\\AppData\\Local\\Temp\\rust_mozprofileNkpKjN"
1663079236159	Marionette	INFO	Marionette enabled
1663079236164	Marionette	INFO	Listening on port 50626
WebDriver BiDi listening on ws://localhost:50620
1663079236521	RemoteAgent	WARN	TLS certificate errors will be ignored for this session
console.warn: SearchSettings: "get: No settings file exists, new profile?" (new NotFoundError("Could not open the file at C:\\Users\\VINICI~2.GOM\\AppData\\Local\\Temp\\rust_mozprofileNkpKjN\\search.json.mozlz4", (void 0)))
DevTools listening on ws://localhost:50620/devtools/browser/c3bcfd82-0f96-420c-839a-090e528a9842
JavaScript error: , line 0: NS_ERROR_NOT_AVAILABLE
1663080095530	geckodriver	INFO	Listening on 127.0.0.1:50838
1663080098534	mozrunner::runner	INFO	Running command: "C:\\Program Files\\Mozilla Firefox\\firefox.exe" "--marionette" "--remote-debugging-port" "50839" "-no-remote" "-profile" "C:\\Users\\VINICI~2.GOM\\AppData\\Local\\Temp\\rust_mozprofileveBJDg"
1663080098931	Marionette	INFO	Marionette enabled
1663080098934	Marionette	INFO	Listening on port 50845
WebDriver BiDi listening on ws://localhost:50839
1663080099205	RemoteAgent	WARN	TLS certificate errors will be ignored for this session
console.warn: SearchSettings: "get: No settings file exists, new profile?" (new NotFoundError("Could not open the file at C:\\Users\\VINICI~2.GOM\\AppData\\Local\\Temp\\rust_mozprofileveBJDg\\search.json.mozlz4", (void 0)))
DevTools listening on ws://localhost:50839/devtools/browser/5d2a7f9a-f1c4-482c-8b72-c6c61bd5c4b0
JavaScript error: , line 0: NS_ERROR_NOT_AVAILABLE
1:50965
1663080384601	mozrunner::runner	INFO	Running command: "C:\\Program Files\\Mozilla Firefox\\firefox.exe" "--marionette" "--remote-debugging-port" "50966" "-no-remote" "-profile" "C:\\Users\\VINICI~2.GOM\\AppData\\Local\\Temp\\rust_mozprofile5JQEwZ"
1663080384970	Marionette	INFO	Marionette enabled
1663080384974	Marionette	INFO	Listening on port 50971
WebDriver BiDi listening on ws://localhost:50966
1663080385259	RemoteAgent	WARN	TLS certificate errors will be ignored for this session
console.warn: SearchSettings: "get: No settings file exists, new profile?" (new NotFoundError("Could not open the file at C:\\Users\\VINICI~2.GOM\\AppData\\Local\\Temp\\rust_mozprofile5JQEwZ\\search.json.mozlz4", (void 0)))
DevTools listening on ws://localhost:50966/devtools/browser/558e78b9-108d-4807-9c61-054aebbf3bec
JavaScript error: , line 0: NS_ERROR_NOT_AVAILABLE
1663164587288	geckodriver	INFO	Listening on 127.0.0.1:53803
1663164590263	mozrunner::runner	INFO	Running command: "C:\\Program Files\\Mozilla Firefox\\firefox.exe" "--marionette" "--remote-debugging-port" "53804" "-no-remote" "-profile" "C:\\Users\\VINICI~2.GOM\\AppData\\Local\\Temp\\rust_mozprofilej5FPtf"
1663164591029	Marionette	INFO	Marionette enabled
1663164591033	Marionette	INFO	Listening on port 53809
WebDriver BiDi listening on ws://localhost:53804
1663164591385	RemoteAgent	WARN	TLS certificate errors will be ignored for this session
console.warn: SearchSettings: "get: No settings file exists, new profile?" (new NotFoundError("Could not open the file at C:\\Users\\VINICI~2.GOM\\AppData\\Local\\Temp\\rust_mozprofilej5FPtf\\search.json.mozlz4", (void 0)))
DevTools listening on ws://localhost:53804/devtools/browser/e22a3f52-7c65-499e-8a5f-cc0e9255ec08
JavaScript error: , line 0: NS_ERROR_NOT_AVAILABLE
1663363716320	geckodriver	INFO	Listening on 127.0.0.1:61553
1663363719325	mozrunner::runner	INFO	Running command: "C:\\Program Files\\Mozilla Firefox\\firefox.exe" "--marionette" "--remote-debugging-port" "61554" "--remote-allow-hosts" "localhost" "-no-remote" "-profile" "C:\\Users\\VINICI~1.BAR\\AppData\\Local\\Temp\\rust_mozprofile4ip49z"
1663363797005	geckodriver	INFO	Listening on 127.0.0.1:61595
1663363800011	mozrunner::runner	INFO	Running command: "C:\\Program Files\\Mozilla Firefox\\firefox.exe" "--marionette" "--remote-debugging-port" "61596" "--remote-allow-hosts" "localhost" "-no-remote" "-profile" "C:\\Users\\VINICI~1.BAR\\AppData\\Local\\Temp\\rust_mozprofileZg3Z46"
1663363800443	Marionette	INFO	Marionette enabled
1663363800448	Marionette	INFO	Listening on port 61605
WebDriver BiDi listening on ws://localhost:61596
Read port: 61605
1663363800601	RemoteAgent	WARN	TLS certificate errors will be ignored for this session
console.warn: SearchSettings: "get: No settings file exists, new profile?" (new NotFoundError("Could not open the file at C:\\Users\\VINICI~1.BAR\\AppData\\Local\\Temp\\rust_mozprofileZg3Z46\\search.json.mozlz4", (void 0)))
DevTools listening on ws://localhost:61596/devtools/browser/ed5ba83b-37f5-4b79-b239-033edf15bead
JavaScript error: resource://gre/modules/URIFixup.jsm, line 292: NS_ERROR_FAILURE: Should pass a non-null uri
1663363905316	Marionette	INFO	Stopped listening on port 61605
[Parent 17948, IPC I/O Parent] WARNING: file /builds/worker/checkouts/gecko/ipc/chromium/src/base/process_util_win.cc:167
1663363917796	geckodriver	INFO	Listening on 127.0.0.1:61656
1663363920799	mozrunner::runner	INFO	Running command: "C:\\Program Files\\Mozilla Firefox\\firefox.exe" "--marionette" "--remote-debugging-port" "61657" "--remote-allow-hosts" "localhost" "-no-remote" "-profile" "C:\\Users\\VINICI~1.BAR\\AppData\\Local\\Temp\\rust_mozprofileknyAgA"
1663363921206	Marionette	INFO	Marionette enabled
1663363921211	Marionette	INFO	Listening on port 61666
WebDriver BiDi listening on ws://localhost:61657
Read port: 61666
1663363921352	RemoteAgent	WARN	TLS certificate errors will be ignored for this session
console.warn: SearchSettings: "get: No settings file exists, new profile?" (new NotFoundError("Could not open the file at C:\\Users\\VINICI~1.BAR\\AppData\\Local\\Temp\\rust_mozprofileknyAgA\\search.json.mozlz4", (void 0)))
DevTools listening on ws://localhost:61657/devtools/browser/d4842fd1-511e-43b1-9713-fbdf4b8d4f72
JavaScript error: resource://gre/modules/URIFixup.jsm, line 292: NS_ERROR_FAILURE: Should pass a non-null uri
JavaScript warning: https://tm.jsuol.com.br/uoltm.js?id=tuvy6z&version=787, line 1: unreachable code after return statement
JavaScript warning: https://pagead2.googlesyndication.com/bg/6BYXhZMCT46-9MEs0mF7PtO-2LtaEInKrtcRBPC9dKM.js line 2 > eval line 841 > eval line 1 > eval line 1 > eval, line 1: WEBGL_debug_renderer_info is deprecated in Firefox and will be removed. Please use RENDERER.
JavaScript warning: https://tm.jsuol.com.br/modules/client-purge.js, line 1: unreachable code after return statement
JavaScript error: https://tm.jsuol.com.br/modules/client-purge.js, line 1: TypeError: window.location.ancestorOrigins is undefined
JavaScript warning: https://tm.jsuol.com.br/modules/client-purge.js, line 1: unreachable code after return statement
JavaScript error: https://tm.jsuol.com.br/modules/client-purge.js, line 1: TypeError: window.location.ancestorOrigins is undefined
JavaScript warning: https://player.mais.uol.com.br/js/uolplayer.min.js, line 1: WEBGL_debug_renderer_info is deprecated in Firefox and will be removed. Please use RENDERER.
JavaScript warning: https://pagead2.googlesyndication.com/bg/6BYXhZMCT46-9MEs0mF7PtO-2LtaEInKrtcRBPC9dKM.js line 2 > eval line 743 > eval line 1 > eval line 1 > eval, line 1: WEBGL_debug_renderer_info is deprecated in Firefox and will be removed. Please use RENDERER.
JavaScript error: resource://devtools/server/actors/utils/sources-manager.js, line 432: TypeError: channel is null
JavaScript error: resource://devtools/server/actors/utils/sources-manager.js, line 432: TypeError: channel is null
JavaScript error: resource://devtools/server/actors/utils/sources-manager.js, line 432: TypeError: channel is null
JavaScript error: resource://devtools/server/actors/utils/sources-manager.js, line 432: TypeError: channel is null
SourceActor threw an exception: [Exception... "Component returned failure code: 0x80470002 (NS_BASE_STREAM_CLOSED) [nsIInputStream.available]"  nsresult: "0x80470002 (NS_BASE_STREAM_CLOSED)"  location: "JS frame :: resource://devtools/shared/DevToolsUtils.js :: onResponse :: line 594"  data: no]
Stack: onResponse@resource://devtools/shared/DevToolsUtils.js:594:34
onStopRequest@resource://gre/modules/NetUtil.jsm:126:18
Line: 594, column: 0
console.error: ({})
JavaScript error: resource://devtools/shared/DevToolsUtils.js, line 594: NS_BASE_STREAM_CLOSED: Component returned failure code: 0x80470002 (NS_BASE_STREAM_CLOSED) [nsIInputStream.available]
JavaScript error: , line 0: TypeError: NetworkError when attempting to fetch resource.
JavaScript error: , line 0: TypeError: NetworkError when attempting to fetch resource.
JavaScript error: , line 0: TypeError: NetworkError when attempting to fetch resource.
JavaScript warning: https://tm.jsuol.com.br/uoltm.js?id=tuvy6z&version=787, line 1: unreachable code after return statement
JavaScript warning: https://pagead2.googlesyndication.com/bg/6BYXhZMCT46-9MEs0mF7PtO-2LtaEInKrtcRBPC9dKM.js line 2 > eval line 2823 > eval line 1 > eval line 1 > eval, line 1: WEBGL_debug_renderer_info is deprecated in Firefox and will be removed. Please use RENDERER.
JavaScript warning: https://tm.jsuol.com.br/modules/client-purge.js, line 1: unreachable code after return statement
JavaScript error: https://tm.jsuol.com.br/modules/client-purge.js, line 1: TypeError: window.location.ancestorOrigins is undefined
JavaScript warning: https://tm.jsuol.com.br/modules/client-purge.js, line 1: unreachable code after return statement
JavaScript error: https://tm.jsuol.com.br/modules/client-purge.js, line 1: TypeError: window.location.ancestorOrigins is undefined
JavaScript warning: https://player.mais.uol.com.br/js/uolplayer.min.js, line 1: WEBGL_debug_renderer_info is deprecated in Firefox and will be removed. Please use RENDERER.
JavaScript warning: https://pagead2.googlesyndication.com/bg/6BYXhZMCT46-9MEs0mF7PtO-2LtaEInKrtcRBPC9dKM.js line 2 > eval line 2333 > eval line 1 > eval line 1 > eval, line 1: WEBGL_debug_renderer_info is deprecated in Firefox and will be removed. Please use RENDERER.
console.warn: "Async method failed in safeAsyncMethod" (new Error("Connection closed, pending request to server0.conn0.windowGlobal4294967421/layout140, type getGrids failed\n\nRequest stack:\nrequest@resource://devtools/shared/protocol/Front.js:293:14\ngenerateRequestMethods/</frontProto[name]@resource://devtools/shared/protocol/Front/FrontClassWithSpec.js:49:19\ngetAllGrids@resource://devtools/client/fronts/layout.js:171:17\nexports.safeAsyncMethod/<@resource://devtools/shared/async-utils.js:61:25\ngetGrids@resource://devtools/client/inspector/grids/grid-inspector.js:449:35\n", "resource://devtools/shared/protocol/Front.js", 107))
console.warn: LoginRecipes: "Falling back to a synchronous message for: https://www.uol.com.br."
console.warn: LoginRecipes: "Falling back to a synchronous message for: https://www.uol.com.br."
console.warn: LoginRecipes: "Falling back to a synchronous message for: https://www.uol.com.br."
console.warn: LoginRecipes: "Falling back to a synchronous message for: https://www.uol.com.br."
console.warn: LoginRecipes: "Falling back to a synchronous message for: https://www.uol.com.br."
console.error: "Unable to find target with innerWindowId:4294967394"
console.error: "Unable to find target with innerWindowId:4294967406"
console.error: "Unable to find target with innerWindowId:4294967372"
JavaScript warning: https://tm.jsuol.com.br/uoltm.js?id=tuvy6z&version=787, line 1: unreachable code after return statement
JavaScript error: , line 0: TypeError: NetworkError when attempting to fetch resource.
JavaScript error: , line 0: TypeError: NetworkError when attempting to fetch resource.
JavaScript error: , line 0: TypeError: NetworkError when attempting to fetch resource.
JavaScript error: https://tm.jsuol.com.br/modules/client-purge.js, line 1: TypeError: window.location.ancestorOrigins is undefined
JavaScript error: https://tm.jsuol.com.br/modules/client-purge.js, line 1: TypeError: window.location.ancestorOrigins is undefined
JavaScript warning: https://player.mais.uol.com.br/js/uolplayer.min.js, line 1: WEBGL_debug_renderer_info is deprecated in Firefox and will be removed. Please use RENDERER.
1663364448402	Marionette	WARN	Ignoring event 'pageshow' because document has an invalid readyState of 'uninitialized'.
JavaScript warning: https://pagead2.googlesyndication.com/bg/6BYXhZMCT46-9MEs0mF7PtO-2LtaEInKrtcRBPC9dKM.js line 2 > eval line 4955 > eval line 1 > eval line 1 > eval, line 1: WEBGL_debug_renderer_info is deprecated in Firefox and will be removed. Please use RENDERER.
console.warn: ({})
JavaScript error: resource://devtools/server/actors/targets/window-global.js, line 1917: TypeError: can't access dead object
JavaScript error: resource://devtools/server/actors/targets/window-global.js, line 1917: TypeError: can't access dead object
JavaScript error: resource://devtools/server/actors/targets/window-global.js, line 1917: TypeError: can't access dead object
JavaScript error: resource://devtools/server/actors/targets/window-global.js, line 1917: TypeError: can't access dead object
JavaScript error: resource://devtools/server/actors/targets/window-global.js, line 1917: TypeError: can't access dead object
JavaScript error: resource://devtools/server/actors/targets/window-global.js, line 1917: TypeError: can't access dead object
JavaScript error: resource://devtools/server/actors/targets/window-global.js, line 1917: TypeError: can't access dead object
JavaScript error: resource://devtools/server/actors/targets/window-global.js, line 1917: TypeError: can't access dead object
JavaScript error: resource://devtools/server/actors/targets/window-global.js, line 1917: TypeError: can't access dead object
JavaScript error: resource://devtools/server/actors/targets/window-global.js, line 1917: TypeError: can't access dead object
JavaScript error: resource://devtools/server/actors/targets/window-global.js, line 1917: TypeError: can't access dead object
JavaScript error: resource://devtools/server/actors/targets/window-global.js, line 1917: TypeError: can't access dead object
JavaScript error: resource://devtools/server/actors/targets/window-global.js, line 1917: TypeError: can't access dead object
JavaScript error: resource://devtools/server/actors/targets/window-global.js, line 1917: TypeError: can't access dead object
console.error: "Unable to find target with innerWindowId:4294967464"
console.error: "Unable to find target with innerWindowId:4294967464"
console.error: "Unable to find target with innerWindowId:4294967464"
console.error: "Unable to find target with innerWindowId:4294967464"
JavaScript error: resource://devtools/server/actors/targets/window-global.js, line 1917: TypeError: can't access dead object
JavaScript error: resource://devtools/server/actors/targets/window-global.js, line 1917: TypeError: can't access dead object
JavaScript error: resource://devtools/server/actors/targets/window-global.js, line 1917: TypeError: can't access dead object
1663365564397	Marionette	INFO	Stopped listening on port 61666
JavaScript error: , line 0: NotFoundError: No such JSWindowActor 'DevToolsFrame'
[Parent 6396, IPC I/O Parent] WARNING: file /builds/worker/checkouts/gecko/ipc/chromium/src/base/process_util_win.cc:167
1663365608628	geckodriver	INFO	Listening on 127.0.0.1:62283
1663365611660	mozrunner::runner	INFO	Running command: "C:\\Program Files\\Mozilla Firefox\\firefox.exe" "--marionette" "--remote-debugging-port" "62284" "--remote-allow-hosts" "localhost" "-no-remote" "-profile" "C:\\Users\\VINICI~1.BAR\\AppData\\Local\\Temp\\rust_mozprofileC2X0GZ"
1663365612079	Marionette	INFO	Marionette enabled
1663365612084	Marionette	INFO	Listening on port 62293
WebDriver BiDi listening on ws://localhost:62284
Read port: 62293
1663365612224	RemoteAgent	WARN	TLS certificate errors will be ignored for this session
console.warn: SearchSettings: "get: No settings file exists, new profile?" (new NotFoundError("Could not open the file at C:\\Users\\VINICI~1.BAR\\AppData\\Local\\Temp\\rust_mozprofileC2X0GZ\\search.json.mozlz4", (void 0)))
DevTools listening on ws://localhost:62284/devtools/browser/96311269-f019-467d-8d99-65f1b86a5ecf
1663365765342	Marionette	INFO	Stopped listening on port 62293
console.warn: TopSitesFeed: Failed to fetch data from Contile server: NetworkError when attempting to fetch resource.
[Parent 14592, IPC I/O Parent] WARNING: file /builds/worker/checkouts/gecko/ipc/chromium/src/base/process_util_win.cc:167
1663365795233	geckodriver	INFO	Listening on 127.0.0.1:62383
1663365798272	mozrunner::runner	INFO	Running command: "C:\\Program Files\\Mozilla Firefox\\firefox.exe" "--marionette" "--remote-debugging-port" "62384" "--remote-allow-hosts" "localhost" "-no-remote" "-profile" "C:\\Users\\VINICI~1.BAR\\AppData\\Local\\Temp\\rust_mozprofileMoFVBl"
1663365798665	Marionette	INFO	Marionette enabled
1663365798670	Marionette	INFO	Listening on port 62393
WebDriver BiDi listening on ws://localhost:62384
Read port: 62393
1663365798811	RemoteAgent	WARN	TLS certificate errors will be ignored for this session
console.warn: SearchSettings: "get: No settings file exists, new profile?" (new NotFoundError("Could not open the file at C:\\Users\\VINICI~1.BAR\\AppData\\Local\\Temp\\rust_mozprofileMoFVBl\\search.json.mozlz4", (void 0)))
DevTools listening on ws://localhost:62384/devtools/browser/7907791c-133e-4852-8e73-2720f981ff27
1663365819050	Marionette	INFO	Stopped listening on port 62393
console.warn: TopSitesFeed: Failed to fetch data from Contile server: NetworkError when attempting to fetch resource.
JavaScript error: chrome://remote/content/marionette/cert.js, line 57: NS_ERROR_NOT_AVAILABLE: Component returned failure code: 0x80040111 (NS_ERROR_NOT_AVAILABLE) [nsICertOverrideService.setDisableAllSecurityChecksAndLetAttackersInterceptMyData]
!!! error running onStopped callback: TypeError: callback is not a function
1663365819107	RemoteAgent	ERROR	unable to stop listener: [Exception... "Component returned failure code: 0x80040111 (NS_ERROR_NOT_AVAILABLE) [nsICertOverrideService.setDisableAllSecurityChecksAndLetAttackersInterceptMyData]"  nsresult: "0x80040111 (NS_ERROR_NOT_AVAILABLE)"  location: "JS frame :: chrome://remote/content/marionette/cert.js :: allowAllCerts.disable :: line 57"  data: no] Stack trace: allowAllCerts.disable()@cert.js:57
destroy()@Session.jsm:206
deleteSession()@WebDriverBiDi.jsm:148
stop()@WebDriverBiDi.jsm:227
observe()@resource://gre/modules/AsyncShutdown.jsm:576
1663365862104	geckodriver	INFO	Listening on 127.0.0.1:62458
1663365865101	mozrunner::runner	INFO	Running command: "C:\\Program Files\\Mozilla Firefox\\firefox.exe" "--marionette" "--remote-debugging-port" "62459" "--remote-allow-hosts" "localhost" "-no-remote" "-profile" "C:\\Users\\VINICI~1.BAR\\AppData\\Local\\Temp\\rust_mozprofilelCbG8C"
1663365865495	Marionette	INFO	Marionette enabled
1663365865500	Marionette	INFO	Listening on port 62468
WebDriver BiDi listening on ws://localhost:62459
Read port: 62468
1663365865640	RemoteAgent	WARN	TLS certificate errors will be ignored for this session
console.warn: SearchSettings: "get: No settings file exists, new profile?" (new NotFoundError("Could not open the file at C:\\Users\\VINICI~1.BAR\\AppData\\Local\\Temp\\rust_mozprofilelCbG8C\\search.json.mozlz4", (void 0)))
DevTools listening on ws://localhost:62459/devtools/browser/0f4c30f2-85f3-44aa-81f8-71a41e3e6b10
1663365933464	Marionette	INFO	Stopped listening on port 62468
console.warn: TopSitesFeed: Failed to fetch data from Contile server: NetworkError when attempting to fetch resource.
[Parent 11684, IPC I/O Parent] WARNING: file /builds/worker/checkouts/gecko/ipc/chromium/src/base/process_util_win.cc:167
1663366215449	geckodriver	INFO	Listening on 127.0.0.1:62606
1663366218450	mozrunner::runner	INFO	Running command: "C:\\Program Files\\Mozilla Firefox\\firefox.exe" "--marionette" "--remote-debugging-port" "62607" "--remote-allow-hosts" "localhost" "-no-remote" "-profile" "C:\\Users\\VINICI~1.BAR\\AppData\\Local\\Temp\\rust_mozprofileJh4bur"
1663366218854	Marionette	INFO	Marionette enabled
1663366218860	Marionette	INFO	Listening on port 62617
WebDriver BiDi listening on ws://localhost:62607
Read port: 62617
1663366218998	RemoteAgent	WARN	TLS certificate errors will be ignored for this session
console.warn: SearchSettings: "get: No settings file exists, new profile?" (new NotFoundError("Could not open the file at C:\\Users\\VINICI~1.BAR\\AppData\\Local\\Temp\\rust_mozprofileJh4bur\\search.json.mozlz4", (void 0)))
DevTools listening on ws://localhost:62607/devtools/browser/9b5c2a38-8bca-40a5-8163-814828db2c40
1663366230736	Marionette	INFO	Stopped listening on port 62617
[Parent 1980, IPC I/O Parent] WARNING: file /builds/worker/checkouts/gecko/ipc/chromium/src/base/process_util_win.cc:167
1663366658170	geckodriver	INFO	Listening on 127.0.0.1:62907
1663366661238	mozrunner::runner	INFO	Running command: "C:\\Program Files\\Mozilla Firefox\\firefox.exe" "--marionette" "--remote-debugging-port" "62908" "--remote-allow-hosts" "localhost" "-no-remote" "-profile" "C:\\Users\\VINICI~1.BAR\\AppData\\Local\\Temp\\rust_mozprofileH914qq"
1663366661637	Marionette	INFO	Marionette enabled
1663366661642	Marionette	INFO	Listening on port 62919
WebDriver BiDi listening on ws://localhost:62908
Read port: 62919
1663366661785	RemoteAgent	WARN	TLS certificate errors will be ignored for this session
console.warn: SearchSettings: "get: No settings file exists, new profile?" (new NotFoundError("Could not open the file at C:\\Users\\VINICI~1.BAR\\AppData\\Local\\Temp\\rust_mozprofileH914qq\\search.json.mozlz4", (void 0)))
DevTools listening on ws://localhost:62908/devtools/browser/d396cd3b-01bf-41e8-a778-ea7c8aef3241
1663366746199	geckodriver	INFO	Listening on 127.0.0.1:63034
1663366749224	mozrunner::runner	INFO	Running command: "C:\\Program Files\\Mozilla Firefox\\firefox.exe" "--marionette" "--remote-debugging-port" "63035" "--remote-allow-hosts" "localhost" "-no-remote" "-profile" "C:\\Users\\VINICI~1.BAR\\AppData\\Local\\Temp\\rust_mozprofileKkmugo"
1663366749631	Marionette	INFO	Marionette enabled
1663366749636	Marionette	INFO	Listening on port 63046
WebDriver BiDi listening on ws://localhost:63035
Read port: 63046
1663366749777	RemoteAgent	WARN	TLS certificate errors will be ignored for this session
console.warn: SearchSettings: "get: No settings file exists, new profile?" (new NotFoundError("Could not open the file at C:\\Users\\VINICI~1.BAR\\AppData\\Local\\Temp\\rust_mozprofileKkmugo\\search.json.mozlz4", (void 0)))
DevTools listening on ws://localhost:63035/devtools/browser/3d9d87b2-dd3e-46b2-9e21-9cc010c44ac4
1663366988825	geckodriver	INFO	Listening on 127.0.0.1:63309
1663366991867	mozrunner::runner	INFO	Running command: "C:\\Program Files\\Mozilla Firefox\\firefox.exe" "--marionette" "--remote-debugging-port" "63310" "--remote-allow-hosts" "localhost" "-no-remote" "-profile" "C:\\Users\\VINICI~1.BAR\\AppData\\Local\\Temp\\rust_mozprofileAIi2EO"
1663366992261	Marionette	INFO	Marionette enabled
1663366992266	Marionette	INFO	Listening on port 63321
WebDriver BiDi listening on ws://localhost:63310
Read port: 63321
1663366992411	RemoteAgent	WARN	TLS certificate errors will be ignored for this session
console.warn: SearchSettings: "get: No settings file exists, new profile?" (new NotFoundError("Could not open the file at C:\\Users\\VINICI~1.BAR\\AppData\\Local\\Temp\\rust_mozprofileAIi2EO\\search.json.mozlz4", (void 0)))
DevTools listening on ws://localhost:63310/devtools/browser/2b776fc6-58e7-447d-8bd0-9bc77d98de2f
1663367105373	geckodriver	INFO	Listening on 127.0.0.1:63455
1663367108389	mozrunner::runner	INFO	Running command: "C:\\Program Files\\Mozilla Firefox\\firefox.exe" "--marionette" "--remote-debugging-port" "63456" "--remote-allow-hosts" "localhost" "-no-remote" "-profile" "C:\\Users\\VINICI~1.BAR\\AppData\\Local\\Temp\\rust_mozprofileCQxOnb"
1663367108785	Marionette	INFO	Marionette enabled
1663367108791	Marionette	INFO	Listening on port 63468
WebDriver BiDi listening on ws://localhost:63456
Read port: 63468
1663367108935	RemoteAgent	WARN	TLS certificate errors will be ignored for this session
console.warn: SearchSettings: "get: No settings file exists, new profile?" (new NotFoundError("Could not open the file at C:\\Users\\VINICI~1.BAR\\AppData\\Local\\Temp\\rust_mozprofileCQxOnb\\search.json.mozlz4", (void 0)))
DevTools listening on ws://localhost:63456/devtools/browser/29443bf9-69d9-496b-bf88-82598a0a6ca3
1663367327005	geckodriver	INFO	Listening on 127.0.0.1:63675
1663367330001	mozrunner::runner	INFO	Running command: "C:\\Program Files\\Mozilla Firefox\\firefox.exe" "--marionette" "--remote-debugging-port" "63676" "--remote-allow-hosts" "localhost" "-no-remote" "-profile" "C:\\Users\\VINICI~1.BAR\\AppData\\Local\\Temp\\rust_mozprofiles3OZDX"
1663367330392	Marionette	INFO	Marionette enabled
1663367330397	Marionette	INFO	Listening on port 63688
WebDriver BiDi listening on ws://localhost:63676
Read port: 63688
1663367330533	RemoteAgent	WARN	TLS certificate errors will be ignored for this session
console.warn: SearchSettings: "get: No settings file exists, new profile?" (new NotFoundError("Could not open the file at C:\\Users\\VINICI~1.BAR\\AppData\\Local\\Temp\\rust_mozprofiles3OZDX\\search.json.mozlz4", (void 0)))
DevTools listening on ws://localhost:63676/devtools/browser/31455581-0cfa-4175-b117-51e28ff4354e
1663367349859	Marionette	INFO	Stopped listening on port 63688
1663367423240	geckodriver	INFO	Listening on 127.0.0.1:63818
1663367426248	mozrunner::runner	INFO	Running command: "C:\\Program Files\\Mozilla Firefox\\firefox.exe" "--marionette" "--remote-debugging-port" "63819" "--remote-allow-hosts" "localhost" "-no-remote" "-profile" "C:\\Users\\VINICI~1.BAR\\AppData\\Local\\Temp\\rust_mozprofileNyxtgc"
1663367426756	Marionette	INFO	Marionette enabled
1663367426761	Marionette	INFO	Listening on port 63831
WebDriver BiDi listening on ws://localhost:63819
Read port: 63831
1663367426898	RemoteAgent	WARN	TLS certificate errors will be ignored for this session
console.warn: SearchSettings: "get: No settings file exists, new profile?" (new NotFoundError("Could not open the file at C:\\Users\\VINICI~1.BAR\\AppData\\Local\\Temp\\rust_mozprofileNyxtgc\\search.json.mozlz4", (void 0)))
DevTools listening on ws://localhost:63819/devtools/browser/5a0caea1-b0d5-476c-ad8f-4790bdda96f3
1663367440160	Marionette	INFO	Stopped listening on port 63831
1663367520452	geckodriver	INFO	Listening on 127.0.0.1:63955
1663367523467	mozrunner::runner	INFO	Running command: "C:\\Program Files\\Mozilla Firefox\\firefox.exe" "--marionette" "--remote-debugging-port" "63956" "--remote-allow-hosts" "localhost" "-no-remote" "-profile" "C:\\Users\\VINICI~1.BAR\\AppData\\Local\\Temp\\rust_mozprofileBn0Mvk"
1663367523851	Marionette	INFO	Marionette enabled
1663367523856	Marionette	INFO	Listening on port 63967
WebDriver BiDi listening on ws://localhost:63956
Read port: 63967
1663367523996	RemoteAgent	WARN	TLS certificate errors will be ignored for this session
console.warn: SearchSettings: "get: No settings file exists, new profile?" (new NotFoundError("Could not open the file at C:\\Users\\VINICI~1.BAR\\AppData\\Local\\Temp\\rust_mozprofileBn0Mvk\\search.json.mozlz4", (void 0)))
DevTools listening on ws://localhost:63956/devtools/browser/b1da2493-6fd1-4581-918b-07c836a2f71e
console.warn: LoginRecipes: "Falling back to a synchronous message for: http://elos-be.herokuapp.com."
1663367542792	Marionette	INFO	Stopped listening on port 63967
[Parent 13356, IPC I/O Parent] WARNING: DuplicateHandle failed for handle 0 in TransferHandles: file /builds/worker/checkouts/gecko/ipc/chromium/src/chrome/common/ipc_channel_win.cc:723
1663367650123	geckodriver	INFO	Listening on 127.0.0.1:64115
1663367653149	mozrunner::runner	INFO	Running command: "C:\\Program Files\\Mozilla Firefox\\firefox.exe" "--marionette" "--remote-debugging-port" "64116" "--remote-allow-hosts" "localhost" "-no-remote" "-profile" "C:\\Users\\VINICI~1.BAR\\AppData\\Local\\Temp\\rust_mozprofileI5KTWV"
1663367653549	Marionette	INFO	Marionette enabled
1663367653554	Marionette	INFO	Listening on port 64129
WebDriver BiDi listening on ws://localhost:64116
Read port: 64129
1663367653694	RemoteAgent	WARN	TLS certificate errors will be ignored for this session
console.warn: SearchSettings: "get: No settings file exists, new profile?" (new NotFoundError("Could not open the file at C:\\Users\\VINICI~1.BAR\\AppData\\Local\\Temp\\rust_mozprofileI5KTWV\\search.json.mozlz4", (void 0)))
DevTools listening on ws://localhost:64116/devtools/browser/7edf3a7d-1d59-4258-b915-f000f4035fd8
console.warn: LoginRecipes: "Falling back to a synchronous message for: http://elos-be.herokuapp.com."
1663367783177	geckodriver	INFO	Listening on 127.0.0.1:64281
1663367786191	mozrunner::runner	INFO	Running command: "C:\\Program Files\\Mozilla Firefox\\firefox.exe" "--marionette" "--remote-debugging-port" "64282" "--remote-allow-hosts" "localhost" "-no-remote" "-profile" "C:\\Users\\VINICI~1.BAR\\AppData\\Local\\Temp\\rust_mozprofilelxdIU0"
1663367786580	Marionette	INFO	Marionette enabled
1663367786586	Marionette	INFO	Listening on port 64294
WebDriver BiDi listening on ws://localhost:64282
Read port: 64294
1663367786726	RemoteAgent	WARN	TLS certificate errors will be ignored for this session
console.warn: SearchSettings: "get: No settings file exists, new profile?" (new NotFoundError("Could not open the file at C:\\Users\\VINICI~1.BAR\\AppData\\Local\\Temp\\rust_mozprofilelxdIU0\\search.json.mozlz4", (void 0)))
DevTools listening on ws://localhost:64282/devtools/browser/e3d0a795-173e-48a6-93ee-ca79cefd3b7d
console.warn: LoginRecipes: "Falling back to a synchronous message for: http://elos-be.herokuapp.com."
console.warn: LoginRecipes: "Falling back to a synchronous message for: http://elos-be.herokuapp.com."
1663367811698	Marionette	INFO	Stopped listening on port 64294
1663367822824	geckodriver	INFO	Listening on 127.0.0.1:64374
1663367825836	mozrunner::runner	INFO	Running command: "C:\\Program Files\\Mozilla Firefox\\firefox.exe" "--marionette" "--remote-debugging-port" "64375" "--remote-allow-hosts" "localhost" "-no-remote" "-profile" "C:\\Users\\VINICI~1.BAR\\AppData\\Local\\Temp\\rust_mozprofilepDDMY6"
1663367826222	Marionette	INFO	Marionette enabled
1663367826228	Marionette	INFO	Listening on port 64386
WebDriver BiDi listening on ws://localhost:64375
Read port: 64386
1663367826371	RemoteAgent	WARN	TLS certificate errors will be ignored for this session
console.warn: SearchSettings: "get: No settings file exists, new profile?" (new NotFoundError("Could not open the file at C:\\Users\\VINICI~1.BAR\\AppData\\Local\\Temp\\rust_mozprofilepDDMY6\\search.json.mozlz4", (void 0)))
DevTools listening on ws://localhost:64375/devtools/browser/799fdbbb-a8dd-468a-ab03-118a3ce329b6
console.warn: LoginRecipes: "Falling back to a synchronous message for: http://elos-be.herokuapp.com."
console.warn: LoginRecipes: "Falling back to a synchronous message for: http://elos-be.herokuapp.com."
1663367850763	Marionette	INFO	Stopped listening on port 64386
1663367916468	geckodriver	INFO	Listening on 127.0.0.1:64492
1663367919500	mozrunner::runner	INFO	Running command: "C:\\Program Files\\Mozilla Firefox\\firefox.exe" "--marionette" "--remote-debugging-port" "64493" "--remote-allow-hosts" "localhost" "-no-remote" "-profile" "C:\\Users\\VINICI~1.BAR\\AppData\\Local\\Temp\\rust_mozprofilexvmvRH"
1663367919892	Marionette	INFO	Marionette enabled
1663367919897	Marionette	INFO	Listening on port 64504
WebDriver BiDi listening on ws://localhost:64493
Read port: 64504
1663367920037	RemoteAgent	WARN	TLS certificate errors will be ignored for this session
console.warn: SearchSettings: "get: No settings file exists, new profile?" (new NotFoundError("Could not open the file at C:\\Users\\VINICI~1.BAR\\AppData\\Local\\Temp\\rust_mozprofilexvmvRH\\search.json.mozlz4", (void 0)))
DevTools listening on ws://localhost:64493/devtools/browser/d5f617bd-3634-4737-b971-73649f7534d1
console.warn: LoginRecipes: "Falling back to a synchronous message for: http://elos-be.herokuapp.com."
console.warn: LoginRecipes: "Falling back to a synchronous message for: http://elos-be.herokuapp.com."
1663367944615	Marionette	INFO	Stopped listening on port 64504
!!! error running onStopped callback: TypeError: callback is not a function
1663368350054	geckodriver	INFO	Listening on 127.0.0.1:64858
1663368353056	mozrunner::runner	INFO	Running command: "C:\\Program Files\\Mozilla Firefox\\firefox.exe" "--marionette" "--remote-debugging-port" "64859" "--remote-allow-hosts" "localhost" "-no-remote" "-profile" "C:\\Users\\VINICI~1.BAR\\AppData\\Local\\Temp\\rust_mozprofileqFLkSX"
1663368353450	Marionette	INFO	Marionette enabled
1663368353455	Marionette	INFO	Listening on port 64870
WebDriver BiDi listening on ws://localhost:64859
Read port: 64870
1663368353594	RemoteAgent	WARN	TLS certificate errors will be ignored for this session
console.warn: SearchSettings: "get: No settings file exists, new profile?" (new NotFoundError("Could not open the file at C:\\Users\\VINICI~1.BAR\\AppData\\Local\\Temp\\rust_mozprofileqFLkSX\\search.json.mozlz4", (void 0)))
DevTools listening on ws://localhost:64859/devtools/browser/62a48e94-98d8-4df3-ab0f-49cebfaad41d
console.warn: LoginRecipes: "Falling back to a synchronous message for: http://elos-be.herokuapp.com."
console.warn: LoginRecipes: "Falling back to a synchronous message for: http://elos-be.herokuapp.com."
1663368380594	Marionette	INFO	Stopped listening on port 64870
[Parent 10832, IPC I/O Parent] WARNING: file /builds/worker/checkouts/gecko/ipc/chromium/src/base/process_util_win.cc:167
1663368405619	geckodriver	INFO	Listening on 127.0.0.1:64960
1663368408607	mozrunner::runner	INFO	Running command: "C:\\Program Files\\Mozilla Firefox\\firefox.exe" "--marionette" "--remote-debugging-port" "64961" "--remote-allow-hosts" "localhost" "-no-remote" "-profile" "C:\\Users\\VINICI~1.BAR\\AppData\\Local\\Temp\\rust_mozprofile6BfunH"
1663368408999	Marionette	INFO	Marionette enabled
1663368409004	Marionette	INFO	Listening on port 64972
WebDriver BiDi listening on ws://localhost:64961
Read port: 64972
1663368409171	RemoteAgent	WARN	TLS certificate errors will be ignored for this session
console.warn: SearchSettings: "get: No settings file exists, new profile?" (new NotFoundError("Could not open the file at C:\\Users\\VINICI~1.BAR\\AppData\\Local\\Temp\\rust_mozprofile6BfunH\\search.json.mozlz4", (void 0)))
DevTools listening on ws://localhost:64961/devtools/browser/36ba0de1-9a1d-4aac-abce-84856e01d1cd
console.warn: LoginRecipes: "Falling back to a synchronous message for: http://elos-be.herokuapp.com."
console.warn: LoginRecipes: "Falling back to a synchronous message for: http://elos-be.herokuapp.com."
1663368446621	Marionette	INFO	Stopped listening on port 64972
1663368507792	geckodriver	INFO	Listening on 127.0.0.1:65097
1663368510797	mozrunner::runner	INFO	Running command: "C:\\Program Files\\Mozilla Firefox\\firefox.exe" "--marionette" "--remote-debugging-port" "65098" "--remote-allow-hosts" "localhost" "-no-remote" "-profile" "C:\\Users\\VINICI~1.BAR\\AppData\\Local\\Temp\\rust_mozprofileBlC9Le"
1663368511175	Marionette	INFO	Marionette enabled
1663368511180	Marionette	INFO	Listening on port 65109
WebDriver BiDi listening on ws://localhost:65098
Read port: 65109
1663368511317	RemoteAgent	WARN	TLS certificate errors will be ignored for this session
console.warn: SearchSettings: "get: No settings file exists, new profile?" (new NotFoundError("Could not open the file at C:\\Users\\VINICI~1.BAR\\AppData\\Local\\Temp\\rust_mozprofileBlC9Le\\search.json.mozlz4", (void 0)))
DevTools listening on ws://localhost:65098/devtools/browser/1c151f73-f7c9-4fd5-9bbb-820d0e85bc45
console.warn: LoginRecipes: "Falling back to a synchronous message for: http://elos-be.herokuapp.com."
console.warn: LoginRecipes: "Falling back to a synchronous message for: http://elos-be.herokuapp.com."
1663368541392	Marionette	INFO	Stopped listening on port 65109
[Parent 4652, IPC I/O Parent] WARNING: DuplicateHandle failed for handle 0 in TransferHandles: file /builds/worker/checkouts/gecko/ipc/chromium/src/chrome/common/ipc_channel_win.cc:723
1663368611093	geckodriver	INFO	Listening on 127.0.0.1:65237
1663368614110	mozrunner::runner	INFO	Running command: "C:\\Program Files\\Mozilla Firefox\\firefox.exe" "--marionette" "--remote-debugging-port" "65238" "--remote-allow-hosts" "localhost" "-no-remote" "-profile" "C:\\Users\\VINICI~1.BAR\\AppData\\Local\\Temp\\rust_mozprofileXp0s4t"
1663368614501	Marionette	INFO	Marionette enabled
1663368614508	Marionette	INFO	Listening on port 65250
WebDriver BiDi listening on ws://localhost:65238
Read port: 65250
1663368614648	RemoteAgent	WARN	TLS certificate errors will be ignored for this session
console.warn: SearchSettings: "get: No settings file exists, new profile?" (new NotFoundError("Could not open the file at C:\\Users\\VINICI~1.BAR\\AppData\\Local\\Temp\\rust_mozprofileXp0s4t\\search.json.mozlz4", (void 0)))
DevTools listening on ws://localhost:65238/devtools/browser/9522b553-47a1-4bd4-8092-c9fbb11c6832
console.warn: LoginRecipes: "Falling back to a synchronous message for: http://elos-be.herokuapp.com."
console.warn: LoginRecipes: "Falling back to a synchronous message for: http://elos-be.herokuapp.com."
